#Scan#	SpectrumFile	Annotation	OrigAnnotation	Protein	dbIndex	numMods	matchOrientation	startMass	Charge	MQScore	p-value	isDecoy	StrictEnvelopeScore	UnstrictEvelopeScore	CompoundName	Organism	FileScanUniqueID	FDR	LibraryName	mzErrorPPM	LibMetaData	Smiles	Inchi	LibSearchSharedPeaks	Abundance
2230	./TR-PTAs-UPLC-0105.pklbin	*..*	 	 	16	-1	0	-1	1	0.515064	-1	0	0	0	A1B1-01	N/A	./TR-PTAs-UPLC-0105.pklbin2230	-1	TC-ISDB-o.mgf	0.236438	N/A	N/A	N/A	9	0
2230	./TR-PTAs-UPLC-0105.pklbin	*..*	 	 	25	-1	0	-1	1	0.509016	-1	0	0	0	A1B3-01	N/A	./TR-PTAs-UPLC-0105.pklbin2230	-1	TC-ISDB-o.mgf	0.236438	N/A	N/A	N/A	10	0
2058	./TR-PTAs-UPLC-0105.pklbin	*..*	 	 	134	-1	0	-1	1	0.519203	-1	0	0	0	A1B25-05	N/A	./TR-PTAs-UPLC-0105.pklbin2058	-1	TC-ISDB-o.mgf	1.00993	N/A	N/A	N/A	19	0
2059	./TR-PTAs-UPLC-0105.pklbin	*..*	 	 	134	-1	0	-1	1	0.519203	-1	0	0	0	A1B25-05	N/A	./TR-PTAs-UPLC-0105.pklbin2059	-1	TC-ISDB-o.mgf	1.00993	N/A	N/A	N/A	19	0
2134	./TR-PTAs-UPLC-0105.pklbin	*..*	 	 	645	-1	0	-1	1	0.562667	-1	0	0	0	A4B30-01	N/A	./TR-PTAs-UPLC-0105.pklbin2134	-1	TC-ISDB-o.mgf	3.1368	N/A	N/A	N/A	33	0
1967	./TR-PTAs-UPLC-0105.pklbin	*..*	 	 	624	-1	0	-1	1	0.588386	-1	0	0	0	A4B25-05	N/A	./TR-PTAs-UPLC-0105.pklbin1967	-1	TC-ISDB-o.mgf	1.8064	N/A	N/A	N/A	28	0
1967	./TR-PTAs-UPLC-0105.pklbin	*..*	 	 	623	-1	0	-1	1	0.533777	-1	0	0	0	A4B25-04	N/A	./TR-PTAs-UPLC-0105.pklbin1967	-1	TC-ISDB-o.mgf	1.8064	N/A	N/A	N/A	24	0
1390	./TR-PTAs-UPLC-0105.pklbin	*..*	 	 	134	-1	0	-1	1	0.582458	-1	0	0	0	A1B25-05	N/A	./TR-PTAs-UPLC-0105.pklbin1390	-1	TC-ISDB-o.mgf	0.336643	N/A	N/A	N/A	21	0
1390	./TR-PTAs-UPLC-0105.pklbin	*..*	 	 	133	-1	0	-1	1	0.555829	-1	0	0	0	A1B25-04	N/A	./TR-PTAs-UPLC-0105.pklbin1390	-1	TC-ISDB-o.mgf	0.336643	N/A	N/A	N/A	20	0
1390	./TR-PTAs-UPLC-0105.pklbin	*..*	 	 	132	-1	0	-1	1	0.502099	-1	0	0	0	A1B25-03	N/A	./TR-PTAs-UPLC-0105.pklbin1390	-1	TC-ISDB-o.mgf	0.336643	N/A	N/A	N/A	24	0
1976	./TR-PTAs-UPLC-0105.pklbin	*..*	 	 	506	-1	0	-1	1	0.648278	-1	0	0	0	A4B1-01	N/A	./TR-PTAs-UPLC-0105.pklbin1976	-1	TC-ISDB-o.mgf	7.35953	N/A	N/A	N/A	22	0
1976	./TR-PTAs-UPLC-0105.pklbin	*..*	 	 	507	-1	0	-1	1	0.633769	-1	0	0	0	A4B1-02	N/A	./TR-PTAs-UPLC-0105.pklbin1976	-1	TC-ISDB-o.mgf	7.35953	N/A	N/A	N/A	22	0
1976	./TR-PTAs-UPLC-0105.pklbin	*..*	 	 	512	-1	0	-1	1	0.609209	-1	0	0	0	A4B2-02	N/A	./TR-PTAs-UPLC-0105.pklbin1976	-1	TC-ISDB-o.mgf	7.35953	N/A	N/A	N/A	29	0
303	./TR-PTAs-UPLC-0105.pklbin	*..*	 	 	222	-1	0	-1	1	0.591402	-1	0	0	0	A2B9-01	N/A	./TR-PTAs-UPLC-0105.pklbin303	-1	TC-ISDB-o.mgf	0.2681	N/A	N/A	N/A	29	0
303	./TR-PTAs-UPLC-0105.pklbin	*..*	 	 	247	-1	0	-1	1	0.586752	-1	0	0	0	A2B14-03	N/A	./TR-PTAs-UPLC-0105.pklbin303	-1	TC-ISDB-o.mgf	0.2681	N/A	N/A	N/A	36	0
303	./TR-PTAs-UPLC-0105.pklbin	*..*	 	 	261	-1	0	-1	1	0.581258	-1	0	0	0	A2B17-03	N/A	./TR-PTAs-UPLC-0105.pklbin303	-1	TC-ISDB-o.mgf	0.2681	N/A	N/A	N/A	25	0
303	./TR-PTAs-UPLC-0105.pklbin	*..*	 	 	304	-1	0	-1	1	0.580306	-1	0	0	0	A2B26-01	N/A	./TR-PTAs-UPLC-0105.pklbin303	-1	TC-ISDB-o.mgf	0.2681	N/A	N/A	N/A	34	0
303	./TR-PTAs-UPLC-0105.pklbin	*..*	 	 	255	-1	0	-1	1	0.571017	-1	0	0	0	A2B16-02	N/A	./TR-PTAs-UPLC-0105.pklbin303	-1	TC-ISDB-o.mgf	0.2681	N/A	N/A	N/A	34	0
1427	./TR-PTAs-UPLC-0105.pklbin	*..*	 	 	222	-1	0	-1	1	0.565872	-1	0	0	0	A2B9-01	N/A	./TR-PTAs-UPLC-0105.pklbin1427	-1	TC-ISDB-o.mgf	0.0670251	N/A	N/A	N/A	22	0
1427	./TR-PTAs-UPLC-0105.pklbin	*..*	 	 	247	-1	0	-1	1	0.546526	-1	0	0	0	A2B14-03	N/A	./TR-PTAs-UPLC-0105.pklbin1427	-1	TC-ISDB-o.mgf	0.0670251	N/A	N/A	N/A	28	0
1427	./TR-PTAs-UPLC-0105.pklbin	*..*	 	 	261	-1	0	-1	1	0.541081	-1	0	0	0	A2B17-03	N/A	./TR-PTAs-UPLC-0105.pklbin1427	-1	TC-ISDB-o.mgf	0.0670251	N/A	N/A	N/A	15	0
1427	./TR-PTAs-UPLC-0105.pklbin	*..*	 	 	304	-1	0	-1	1	0.526904	-1	0	0	0	A2B26-01	N/A	./TR-PTAs-UPLC-0105.pklbin1427	-1	TC-ISDB-o.mgf	0.0670251	N/A	N/A	N/A	24	0
1427	./TR-PTAs-UPLC-0105.pklbin	*..*	 	 	255	-1	0	-1	1	0.525992	-1	0	0	0	A2B16-02	N/A	./TR-PTAs-UPLC-0105.pklbin1427	-1	TC-ISDB-o.mgf	0.0670251	N/A	N/A	N/A	27	0
842	./TR-PTAs-UPLC-0105.pklbin	*..*	 	 	119	-1	0	-1	1	0.568481	-1	0	0	0	A1B22-05	N/A	./TR-PTAs-UPLC-0105.pklbin842	-1	TC-ISDB-o.mgf	0.201091	N/A	N/A	N/A	34	0
842	./TR-PTAs-UPLC-0105.pklbin	*..*	 	 	118	-1	0	-1	1	0.563936	-1	0	0	0	A1B22-04	N/A	./TR-PTAs-UPLC-0105.pklbin842	-1	TC-ISDB-o.mgf	0.201091	N/A	N/A	N/A	34	0
842	./TR-PTAs-UPLC-0105.pklbin	*..*	 	 	102	-1	0	-1	1	0.561725	-1	0	0	0	A1B19-02	N/A	./TR-PTAs-UPLC-0105.pklbin842	-1	TC-ISDB-o.mgf	0.201091	N/A	N/A	N/A	24	0
842	./TR-PTAs-UPLC-0105.pklbin	*..*	 	 	96	-1	0	-1	1	0.559453	-1	0	0	0	A1B17-05	N/A	./TR-PTAs-UPLC-0105.pklbin842	-1	TC-ISDB-o.mgf	0.201091	N/A	N/A	N/A	34	0
842	./TR-PTAs-UPLC-0105.pklbin	*..*	 	 	92	-1	0	-1	1	0.559046	-1	0	0	0	A1B17-01	N/A	./TR-PTAs-UPLC-0105.pklbin842	-1	TC-ISDB-o.mgf	0.201091	N/A	N/A	N/A	21	0
1763	./TR-PTAs-UPLC-0105.pklbin	*..*	 	 	95	-1	0	-1	1	0.679343	-1	0	0	0	A1B17-04	N/A	./TR-PTAs-UPLC-0105.pklbin1763	-1	TC-ISDB-o.mgf	3.0834	N/A	N/A	N/A	31	0
1763	./TR-PTAs-UPLC-0105.pklbin	*..*	 	 	70	-1	0	-1	1	0.644364	-1	0	0	0	A1B12-03	N/A	./TR-PTAs-UPLC-0105.pklbin1763	-1	TC-ISDB-o.mgf	3.0834	N/A	N/A	N/A	22	0
1763	./TR-PTAs-UPLC-0105.pklbin	*..*	 	 	119	-1	0	-1	1	0.62837	-1	0	0	0	A1B22-05	N/A	./TR-PTAs-UPLC-0105.pklbin1763	-1	TC-ISDB-o.mgf	3.0834	N/A	N/A	N/A	32	0
1763	./TR-PTAs-UPLC-0105.pklbin	*..*	 	 	118	-1	0	-1	1	0.627395	-1	0	0	0	A1B22-04	N/A	./TR-PTAs-UPLC-0105.pklbin1763	-1	TC-ISDB-o.mgf	3.0834	N/A	N/A	N/A	32	0
1763	./TR-PTAs-UPLC-0105.pklbin	*..*	 	 	101	-1	0	-1	1	0.623854	-1	0	0	0	A1B19-01	N/A	./TR-PTAs-UPLC-0105.pklbin1763	-1	TC-ISDB-o.mgf	3.0834	N/A	N/A	N/A	29	0
547	./TR-PTAs-UPLC-0105.pklbin	*..*	 	 	155	-1	0	-1	1	0.528783	-1	0	0	0	A1B30-01	N/A	./TR-PTAs-UPLC-0105.pklbin547	-1	TC-ISDB-o.mgf	4.46813	N/A	N/A	N/A	45	0
606	./TR-PTAs-UPLC-0105.pklbin	*..*	 	 	65	-1	0	-1	1	0.52614	-1	0	0	0	A1B11-02	N/A	./TR-PTAs-UPLC-0105.pklbin606	-1	TC-ISDB-o.mgf	1.40144	N/A	N/A	N/A	30	0
310	./TR-PTAs-UPLC-0105.pklbin	*..*	 	 	299	-1	0	-1	1	0.509443	-1	0	0	0	A2B25-01	N/A	./TR-PTAs-UPLC-0105.pklbin310	-1	TC-ISDB-o.mgf	0.403939	N/A	N/A	N/A	48	0
551	./TR-PTAs-UPLC-0105.pklbin	*..*	 	 	25	-1	0	-1	1	0.528916	-1	0	0	0	A1B3-01	N/A	./TR-PTAs-UPLC-0105.pklbin551	-1	TC-ISDB-o.mgf	0	N/A	N/A	N/A	12	0
551	./TR-PTAs-UPLC-0105.pklbin	*..*	 	 	16	-1	0	-1	1	0.527799	-1	0	0	0	A1B1-01	N/A	./TR-PTAs-UPLC-0105.pklbin551	-1	TC-ISDB-o.mgf	0	N/A	N/A	N/A	10	0
553	./TR-PTAs-UPLC-0105.pklbin	*..*	 	 	155	-1	0	-1	1	0.523509	-1	0	0	0	A1B30-01	N/A	./TR-PTAs-UPLC-0105.pklbin553	-1	TC-ISDB-o.mgf	1.23035	N/A	N/A	N/A	43	0
313	./TR-PTAs-UPLC-0105.pklbin	*..*	 	 	393	-1	0	-1	1	0.618307	-1	0	0	0	A3B11-02	N/A	./TR-PTAs-UPLC-0105.pklbin313	-1	TC-ISDB-o.mgf	0.688394	N/A	N/A	N/A	25	0
313	./TR-PTAs-UPLC-0105.pklbin	*..*	 	 	413	-1	0	-1	1	0.520789	-1	0	0	0	A3B15-03	N/A	./TR-PTAs-UPLC-0105.pklbin313	-1	TC-ISDB-o.mgf	0.688394	N/A	N/A	N/A	32	0
859	./TR-PTAs-UPLC-0105.pklbin	*..*	 	 	559	-1	0	-1	1	0.675726	-1	0	0	0	A4B12-02	N/A	./TR-PTAs-UPLC-0105.pklbin859	-1	TC-ISDB-o.mgf	3.52714	N/A	N/A	N/A	20	0
859	./TR-PTAs-UPLC-0105.pklbin	*..*	 	 	560	-1	0	-1	1	0.625159	-1	0	0	0	A4B12-03	N/A	./TR-PTAs-UPLC-0105.pklbin859	-1	TC-ISDB-o.mgf	3.52714	N/A	N/A	N/A	22	0
859	./TR-PTAs-UPLC-0105.pklbin	*..*	 	 	591	-1	0	-1	1	0.611175	-1	0	0	0	A4B19-02	N/A	./TR-PTAs-UPLC-0105.pklbin859	-1	TC-ISDB-o.mgf	3.52714	N/A	N/A	N/A	22	0
859	./TR-PTAs-UPLC-0105.pklbin	*..*	 	 	544	-1	0	-1	1	0.606225	-1	0	0	0	A4B9-02	N/A	./TR-PTAs-UPLC-0105.pklbin859	-1	TC-ISDB-o.mgf	3.52714	N/A	N/A	N/A	19	0
859	./TR-PTAs-UPLC-0105.pklbin	*..*	 	 	593	-1	0	-1	1	0.598171	-1	0	0	0	A4B19-04	N/A	./TR-PTAs-UPLC-0105.pklbin859	-1	TC-ISDB-o.mgf	3.52714	N/A	N/A	N/A	32	0
864	./TR-PTAs-UPLC-0105.pklbin	*..*	 	 	119	-1	0	-1	1	0.556104	-1	0	0	0	A1B22-05	N/A	./TR-PTAs-UPLC-0105.pklbin864	-1	TC-ISDB-o.mgf	0.402183	N/A	N/A	N/A	30	0
864	./TR-PTAs-UPLC-0105.pklbin	*..*	 	 	118	-1	0	-1	1	0.552809	-1	0	0	0	A1B22-04	N/A	./TR-PTAs-UPLC-0105.pklbin864	-1	TC-ISDB-o.mgf	0.402183	N/A	N/A	N/A	30	0
864	./TR-PTAs-UPLC-0105.pklbin	*..*	 	 	109	-1	0	-1	1	0.545252	-1	0	0	0	A1B20-04	N/A	./TR-PTAs-UPLC-0105.pklbin864	-1	TC-ISDB-o.mgf	0.402183	N/A	N/A	N/A	26	0
864	./TR-PTAs-UPLC-0105.pklbin	*..*	 	 	66	-1	0	-1	1	0.521726	-1	0	0	0	A1B11-03	N/A	./TR-PTAs-UPLC-0105.pklbin864	-1	TC-ISDB-o.mgf	0.402183	N/A	N/A	N/A	24	0
864	./TR-PTAs-UPLC-0105.pklbin	*..*	 	 	76	-1	0	-1	1	0.519766	-1	0	0	0	A1B13-04	N/A	./TR-PTAs-UPLC-0105.pklbin864	-1	TC-ISDB-o.mgf	0.402183	N/A	N/A	N/A	26	0
1348	./TR-PTAs-UPLC-0105.pklbin	*..*	 	 	25	-1	0	-1	1	0.686326	-1	0	0	0	A1B3-01	N/A	./TR-PTAs-UPLC-0105.pklbin1348	-1	TC-ISDB-o.mgf	3.07369	N/A	N/A	N/A	31	0
1348	./TR-PTAs-UPLC-0105.pklbin	*..*	 	 	16	-1	0	-1	1	0.643611	-1	0	0	0	A1B1-01	N/A	./TR-PTAs-UPLC-0105.pklbin1348	-1	TC-ISDB-o.mgf	3.07369	N/A	N/A	N/A	31	0
1348	./TR-PTAs-UPLC-0105.pklbin	*..*	 	 	26	-1	0	-1	1	0.627529	-1	0	0	0	A1B3-02	N/A	./TR-PTAs-UPLC-0105.pklbin1348	-1	TC-ISDB-o.mgf	3.07369	N/A	N/A	N/A	37	0
1348	./TR-PTAs-UPLC-0105.pklbin	*..*	 	 	17	-1	0	-1	1	0.614043	-1	0	0	0	A1B1-02	N/A	./TR-PTAs-UPLC-0105.pklbin1348	-1	TC-ISDB-o.mgf	3.07369	N/A	N/A	N/A	30	0
1348	./TR-PTAs-UPLC-0105.pklbin	*..*	 	 	20	-1	0	-1	1	0.545225	-1	0	0	0	A1B2-01	N/A	./TR-PTAs-UPLC-0105.pklbin1348	-1	TC-ISDB-o.mgf	3.07369	N/A	N/A	N/A	33	0
667	./TR-PTAs-UPLC-0105.pklbin	*..*	 	 	118	-1	0	-1	1	0.673624	-1	0	0	0	A1B22-04	N/A	./TR-PTAs-UPLC-0105.pklbin667	-1	TC-ISDB-o.mgf	0.402183	N/A	N/A	N/A	35	0
667	./TR-PTAs-UPLC-0105.pklbin	*..*	 	 	119	-1	0	-1	1	0.672709	-1	0	0	0	A1B22-05	N/A	./TR-PTAs-UPLC-0105.pklbin667	-1	TC-ISDB-o.mgf	0.402183	N/A	N/A	N/A	35	0
667	./TR-PTAs-UPLC-0105.pklbin	*..*	 	 	95	-1	0	-1	1	0.658343	-1	0	0	0	A1B17-04	N/A	./TR-PTAs-UPLC-0105.pklbin667	-1	TC-ISDB-o.mgf	0.402183	N/A	N/A	N/A	31	0
667	./TR-PTAs-UPLC-0105.pklbin	*..*	 	 	50	-1	0	-1	1	0.642621	-1	0	0	0	A1B8-02	N/A	./TR-PTAs-UPLC-0105.pklbin667	-1	TC-ISDB-o.mgf	0.402183	N/A	N/A	N/A	26	0
667	./TR-PTAs-UPLC-0105.pklbin	*..*	 	 	64	-1	0	-1	1	0.637622	-1	0	0	0	A1B11-01	N/A	./TR-PTAs-UPLC-0105.pklbin667	-1	TC-ISDB-o.mgf	0.402183	N/A	N/A	N/A	31	0
669	./TR-PTAs-UPLC-0105.pklbin	*..*	 	 	478	-1	0	-1	1	0.558372	-1	0	0	0	A3B28-05	N/A	./TR-PTAs-UPLC-0105.pklbin669	-1	TC-ISDB-o.mgf	1.79394	N/A	N/A	N/A	16	0
669	./TR-PTAs-UPLC-0105.pklbin	*..*	 	 	475	-1	0	-1	1	0.5354	-1	0	0	0	A3B28-02	N/A	./TR-PTAs-UPLC-0105.pklbin669	-1	TC-ISDB-o.mgf	1.79394	N/A	N/A	N/A	16	0
1352	./TR-PTAs-UPLC-0105.pklbin	*..*	 	 	397	-1	0	-1	1	0.523313	-1	0	0	0	A3B12-02	N/A	./TR-PTAs-UPLC-0105.pklbin1352	-1	TC-ISDB-o.mgf	0.414923	N/A	N/A	N/A	11	0
1352	./TR-PTAs-UPLC-0105.pklbin	*..*	 	 	421	-1	0	-1	1	0.512069	-1	0	0	0	A3B17-01	N/A	./TR-PTAs-UPLC-0105.pklbin1352	-1	TC-ISDB-o.mgf	0.414923	N/A	N/A	N/A	7	0
1352	./TR-PTAs-UPLC-0105.pklbin	*..*	 	 	380	-1	0	-1	1	0.507878	-1	0	0	0	A3B8-03	N/A	./TR-PTAs-UPLC-0105.pklbin1352	-1	TC-ISDB-o.mgf	0.414923	N/A	N/A	N/A	11	0
125	./TR-PTAs-UPLC-0105.pklbin	*..*	 	 	324	-1	0	-1	1	0.536682	-1	0	0	0	A2B30-01	N/A	./TR-PTAs-UPLC-0105.pklbin125	-1	TC-ISDB-o.mgf	0.194251	N/A	N/A	N/A	42	0
125	./TR-PTAs-UPLC-0105.pklbin	*..*	 	 	325	-1	0	-1	1	0.504652	-1	0	0	0	A2B30-02	N/A	./TR-PTAs-UPLC-0105.pklbin125	-1	TC-ISDB-o.mgf	0.194251	N/A	N/A	N/A	40	0
561	./TR-PTAs-UPLC-0105.pklbin	*..*	 	 	95	-1	0	-1	1	0.671632	-1	0	0	0	A1B17-04	N/A	./TR-PTAs-UPLC-0105.pklbin561	-1	TC-ISDB-o.mgf	4.82619	N/A	N/A	N/A	34	0
561	./TR-PTAs-UPLC-0105.pklbin	*..*	 	 	119	-1	0	-1	1	0.641805	-1	0	0	0	A1B22-05	N/A	./TR-PTAs-UPLC-0105.pklbin561	-1	TC-ISDB-o.mgf	4.82619	N/A	N/A	N/A	36	0
561	./TR-PTAs-UPLC-0105.pklbin	*..*	 	 	118	-1	0	-1	1	0.639305	-1	0	0	0	A1B22-04	N/A	./TR-PTAs-UPLC-0105.pklbin561	-1	TC-ISDB-o.mgf	4.82619	N/A	N/A	N/A	36	0
561	./TR-PTAs-UPLC-0105.pklbin	*..*	 	 	70	-1	0	-1	1	0.624854	-1	0	0	0	A1B12-03	N/A	./TR-PTAs-UPLC-0105.pklbin561	-1	TC-ISDB-o.mgf	4.82619	N/A	N/A	N/A	26	0
561	./TR-PTAs-UPLC-0105.pklbin	*..*	 	 	101	-1	0	-1	1	0.623477	-1	0	0	0	A1B19-01	N/A	./TR-PTAs-UPLC-0105.pklbin561	-1	TC-ISDB-o.mgf	4.82619	N/A	N/A	N/A	34	0
562	./TR-PTAs-UPLC-0105.pklbin	*..*	 	 	95	-1	0	-1	1	0.671632	-1	0	0	0	A1B17-04	N/A	./TR-PTAs-UPLC-0105.pklbin562	-1	TC-ISDB-o.mgf	5.89868	N/A	N/A	N/A	34	0
562	./TR-PTAs-UPLC-0105.pklbin	*..*	 	 	119	-1	0	-1	1	0.641805	-1	0	0	0	A1B22-05	N/A	./TR-PTAs-UPLC-0105.pklbin562	-1	TC-ISDB-o.mgf	5.89868	N/A	N/A	N/A	36	0
562	./TR-PTAs-UPLC-0105.pklbin	*..*	 	 	118	-1	0	-1	1	0.639305	-1	0	0	0	A1B22-04	N/A	./TR-PTAs-UPLC-0105.pklbin562	-1	TC-ISDB-o.mgf	5.89868	N/A	N/A	N/A	36	0
562	./TR-PTAs-UPLC-0105.pklbin	*..*	 	 	70	-1	0	-1	1	0.624854	-1	0	0	0	A1B12-03	N/A	./TR-PTAs-UPLC-0105.pklbin562	-1	TC-ISDB-o.mgf	5.89868	N/A	N/A	N/A	26	0
562	./TR-PTAs-UPLC-0105.pklbin	*..*	 	 	101	-1	0	-1	1	0.623477	-1	0	0	0	A1B19-01	N/A	./TR-PTAs-UPLC-0105.pklbin562	-1	TC-ISDB-o.mgf	5.89868	N/A	N/A	N/A	34	0
130	./TR-PTAs-UPLC-0105.pklbin	*..*	 	 	193	-1	0	-1	1	0.570491	-1	0	0	0	A2B3-01	N/A	./TR-PTAs-UPLC-0105.pklbin130	-1	TC-ISDB-o.mgf	0.788053	N/A	N/A	N/A	33	0
130	./TR-PTAs-UPLC-0105.pklbin	*..*	 	 	183	-1	0	-1	1	0.542107	-1	0	0	0	A2B1-01	N/A	./TR-PTAs-UPLC-0105.pklbin130	-1	TC-ISDB-o.mgf	0.788053	N/A	N/A	N/A	27	0
130	./TR-PTAs-UPLC-0105.pklbin	*..*	 	 	188	-1	0	-1	1	0.507682	-1	0	0	0	A2B2-01	N/A	./TR-PTAs-UPLC-0105.pklbin130	-1	TC-ISDB-o.mgf	0.788053	N/A	N/A	N/A	34	0
610	./TR-PTAs-UPLC-0105.pklbin	*..*	 	 	590	-1	0	-1	1	0.512631	-1	0	0	0	A4B19-01	N/A	./TR-PTAs-UPLC-0105.pklbin610	-1	TC-ISDB-o.mgf	0.894986	N/A	N/A	N/A	17	0
136	./TR-PTAs-UPLC-0105.pklbin	*..*	 	 	162	-1	0	-1	1	0.532993	-1	0	0	0	A1B31-03	N/A	./TR-PTAs-UPLC-0105.pklbin136	-1	TC-ISDB-o.mgf	0.0644797	N/A	N/A	N/A	38	0
136	./TR-PTAs-UPLC-0105.pklbin	*..*	 	 	157	-1	0	-1	1	0.5034	-1	0	0	0	A1B30-03	N/A	./TR-PTAs-UPLC-0105.pklbin136	-1	TC-ISDB-o.mgf	0.0644797	N/A	N/A	N/A	38	0
1376	./TR-PTAs-UPLC-0105.pklbin	*..*	 	 	250	-1	0	-1	1	0.615294	-1	0	0	0	A2B15-01	N/A	./TR-PTAs-UPLC-0105.pklbin1376	-1	TC-ISDB-o.mgf	0.871326	N/A	N/A	N/A	42	0
1376	./TR-PTAs-UPLC-0105.pklbin	*..*	 	 	255	-1	0	-1	1	0.607056	-1	0	0	0	A2B16-02	N/A	./TR-PTAs-UPLC-0105.pklbin1376	-1	TC-ISDB-o.mgf	0.871326	N/A	N/A	N/A	42	0
1376	./TR-PTAs-UPLC-0105.pklbin	*..*	 	 	247	-1	0	-1	1	0.593403	-1	0	0	0	A2B14-03	N/A	./TR-PTAs-UPLC-0105.pklbin1376	-1	TC-ISDB-o.mgf	0.871326	N/A	N/A	N/A	39	0
1376	./TR-PTAs-UPLC-0105.pklbin	*..*	 	 	222	-1	0	-1	1	0.574849	-1	0	0	0	A2B9-01	N/A	./TR-PTAs-UPLC-0105.pklbin1376	-1	TC-ISDB-o.mgf	0.871326	N/A	N/A	N/A	32	0
1376	./TR-PTAs-UPLC-0105.pklbin	*..*	 	 	263	-1	0	-1	1	0.558919	-1	0	0	0	A2B17-05	N/A	./TR-PTAs-UPLC-0105.pklbin1376	-1	TC-ISDB-o.mgf	0.871326	N/A	N/A	N/A	33	0
584	./TR-PTAs-UPLC-0105.pklbin	*..*	 	 	162	-1	0	-1	1	0.506406	-1	0	0	0	A1B31-03	N/A	./TR-PTAs-UPLC-0105.pklbin584	-1	TC-ISDB-o.mgf	0.257919	N/A	N/A	N/A	33	0
585	./TR-PTAs-UPLC-0105.pklbin	*..*	 	 	162	-1	0	-1	1	0.506406	-1	0	0	0	A1B31-03	N/A	./TR-PTAs-UPLC-0105.pklbin585	-1	TC-ISDB-o.mgf	0.257919	N/A	N/A	N/A	33	0
141	./TR-PTAs-UPLC-0105.pklbin	*..*	 	 	255	-1	0	-1	1	0.601911	-1	0	0	0	A2B16-02	N/A	./TR-PTAs-UPLC-0105.pklbin141	-1	TC-ISDB-o.mgf	0.201075	N/A	N/A	N/A	40	0
141	./TR-PTAs-UPLC-0105.pklbin	*..*	 	 	222	-1	0	-1	1	0.599329	-1	0	0	0	A2B9-01	N/A	./TR-PTAs-UPLC-0105.pklbin141	-1	TC-ISDB-o.mgf	0.201075	N/A	N/A	N/A	29	0
141	./TR-PTAs-UPLC-0105.pklbin	*..*	 	 	304	-1	0	-1	1	0.598221	-1	0	0	0	A2B26-01	N/A	./TR-PTAs-UPLC-0105.pklbin141	-1	TC-ISDB-o.mgf	0.201075	N/A	N/A	N/A	37	0
141	./TR-PTAs-UPLC-0105.pklbin	*..*	 	 	261	-1	0	-1	1	0.597409	-1	0	0	0	A2B17-03	N/A	./TR-PTAs-UPLC-0105.pklbin141	-1	TC-ISDB-o.mgf	0.201075	N/A	N/A	N/A	29	0
141	./TR-PTAs-UPLC-0105.pklbin	*..*	 	 	247	-1	0	-1	1	0.588349	-1	0	0	0	A2B14-03	N/A	./TR-PTAs-UPLC-0105.pklbin141	-1	TC-ISDB-o.mgf	0.201075	N/A	N/A	N/A	38	0
142	./TR-PTAs-UPLC-0105.pklbin	*..*	 	 	155	-1	0	-1	1	0.575232	-1	0	0	0	A1B30-01	N/A	./TR-PTAs-UPLC-0105.pklbin142	-1	TC-ISDB-o.mgf	0.841821	N/A	N/A	N/A	53	0
142	./TR-PTAs-UPLC-0105.pklbin	*..*	 	 	156	-1	0	-1	1	0.515379	-1	0	0	0	A1B30-02	N/A	./TR-PTAs-UPLC-0105.pklbin142	-1	TC-ISDB-o.mgf	0.841821	N/A	N/A	N/A	44	0
590	./TR-PTAs-UPLC-0105.pklbin	*..*	 	 	255	-1	0	-1	1	0.596624	-1	0	0	0	A2B16-02	N/A	./TR-PTAs-UPLC-0105.pklbin590	-1	TC-ISDB-o.mgf	0.201075	N/A	N/A	N/A	35	0
590	./TR-PTAs-UPLC-0105.pklbin	*..*	 	 	247	-1	0	-1	1	0.595828	-1	0	0	0	A2B14-03	N/A	./TR-PTAs-UPLC-0105.pklbin590	-1	TC-ISDB-o.mgf	0.201075	N/A	N/A	N/A	37	0
590	./TR-PTAs-UPLC-0105.pklbin	*..*	 	 	222	-1	0	-1	1	0.594311	-1	0	0	0	A2B9-01	N/A	./TR-PTAs-UPLC-0105.pklbin590	-1	TC-ISDB-o.mgf	0.201075	N/A	N/A	N/A	29	0
590	./TR-PTAs-UPLC-0105.pklbin	*..*	 	 	304	-1	0	-1	1	0.578534	-1	0	0	0	A2B26-01	N/A	./TR-PTAs-UPLC-0105.pklbin590	-1	TC-ISDB-o.mgf	0.201075	N/A	N/A	N/A	34	0
590	./TR-PTAs-UPLC-0105.pklbin	*..*	 	 	249	-1	0	-1	1	0.576557	-1	0	0	0	A2B14-05	N/A	./TR-PTAs-UPLC-0105.pklbin590	-1	TC-ISDB-o.mgf	0.201075	N/A	N/A	N/A	31	0
146	./TR-PTAs-UPLC-0105.pklbin	*..*	 	 	380	-1	0	-1	1	0.593135	-1	0	0	0	A3B8-03	N/A	./TR-PTAs-UPLC-0105.pklbin146	-1	TC-ISDB-o.mgf	0.622384	N/A	N/A	N/A	29	0
146	./TR-PTAs-UPLC-0105.pklbin	*..*	 	 	465	-1	0	-1	1	0.588551	-1	0	0	0	A3B26-01	N/A	./TR-PTAs-UPLC-0105.pklbin146	-1	TC-ISDB-o.mgf	0.622384	N/A	N/A	N/A	30	0
146	./TR-PTAs-UPLC-0105.pklbin	*..*	 	 	416	-1	0	-1	1	0.560237	-1	0	0	0	A3B16-01	N/A	./TR-PTAs-UPLC-0105.pklbin146	-1	TC-ISDB-o.mgf	0.622384	N/A	N/A	N/A	32	0
146	./TR-PTAs-UPLC-0105.pklbin	*..*	 	 	425	-1	0	-1	1	0.551779	-1	0	0	0	A3B17-05	N/A	./TR-PTAs-UPLC-0105.pklbin146	-1	TC-ISDB-o.mgf	0.622384	N/A	N/A	N/A	29	0
146	./TR-PTAs-UPLC-0105.pklbin	*..*	 	 	238	-1	0	-1	1	0.550989	-1	0	0	0	A2B12-03	N/A	./TR-PTAs-UPLC-0105.pklbin146	-1	TC-ISDB-o.mgf	0.622384	N/A	N/A	N/A	31	0
629	./TR-PTAs-UPLC-0105.pklbin	*..*	 	 	506	-1	0	-1	1	0.6622	-1	0	0	0	A4B1-01	N/A	./TR-PTAs-UPLC-0105.pklbin629	-1	TC-ISDB-o.mgf	1.14482	N/A	N/A	N/A	25	0
629	./TR-PTAs-UPLC-0105.pklbin	*..*	 	 	507	-1	0	-1	1	0.641172	-1	0	0	0	A4B1-02	N/A	./TR-PTAs-UPLC-0105.pklbin629	-1	TC-ISDB-o.mgf	1.14482	N/A	N/A	N/A	22	0
629	./TR-PTAs-UPLC-0105.pklbin	*..*	 	 	512	-1	0	-1	1	0.625309	-1	0	0	0	A4B2-02	N/A	./TR-PTAs-UPLC-0105.pklbin629	-1	TC-ISDB-o.mgf	1.14482	N/A	N/A	N/A	34	0
871	./TR-PTAs-UPLC-0105.pklbin	*..*	 	 	544	-1	0	-1	1	0.627406	-1	0	0	0	A4B9-02	N/A	./TR-PTAs-UPLC-0105.pklbin871	-1	TC-ISDB-o.mgf	5.53276	N/A	N/A	N/A	24	0
871	./TR-PTAs-UPLC-0105.pklbin	*..*	 	 	581	-1	0	-1	1	0.5969	-1	0	0	0	A4B17-01	N/A	./TR-PTAs-UPLC-0105.pklbin871	-1	TC-ISDB-o.mgf	5.53276	N/A	N/A	N/A	29	0
871	./TR-PTAs-UPLC-0105.pklbin	*..*	 	 	619	-1	0	-1	1	0.590861	-1	0	0	0	A4B24-05	N/A	./TR-PTAs-UPLC-0105.pklbin871	-1	TC-ISDB-o.mgf	5.53276	N/A	N/A	N/A	38	0
871	./TR-PTAs-UPLC-0105.pklbin	*..*	 	 	616	-1	0	-1	1	0.573758	-1	0	0	0	A4B24-02	N/A	./TR-PTAs-UPLC-0105.pklbin871	-1	TC-ISDB-o.mgf	5.53276	N/A	N/A	N/A	36	0
871	./TR-PTAs-UPLC-0105.pklbin	*..*	 	 	585	-1	0	-1	1	0.566706	-1	0	0	0	A4B17-05	N/A	./TR-PTAs-UPLC-0105.pklbin871	-1	TC-ISDB-o.mgf	5.53276	N/A	N/A	N/A	24	0
153	./TR-PTAs-UPLC-0105.pklbin	*..*	 	 	155	-1	0	-1	1	0.59761	-1	0	0	0	A1B30-01	N/A	./TR-PTAs-UPLC-0105.pklbin153	-1	TC-ISDB-o.mgf	6.15177	N/A	N/A	N/A	41	0
153	./TR-PTAs-UPLC-0105.pklbin	*..*	 	 	156	-1	0	-1	1	0.512294	-1	0	0	0	A1B30-02	N/A	./TR-PTAs-UPLC-0105.pklbin153	-1	TC-ISDB-o.mgf	6.15177	N/A	N/A	N/A	34	0
346	./TR-PTAs-UPLC-0105.pklbin	*..*	 	 	324	-1	0	-1	1	0.524845	-1	0	0	0	A2B30-01	N/A	./TR-PTAs-UPLC-0105.pklbin346	-1	TC-ISDB-o.mgf	1.03601	N/A	N/A	N/A	36	0
1696	./TR-PTAs-UPLC-0105.pklbin	*..*	 	 	25	-1	0	-1	1	0.50453	-1	0	0	0	A1B3-01	N/A	./TR-PTAs-UPLC-0105.pklbin1696	-1	TC-ISDB-o.mgf	0.472876	N/A	N/A	N/A	17	0
353	./TR-PTAs-UPLC-0105.pklbin	*..*	 	 	193	-1	0	-1	1	0.554187	-1	0	0	0	A2B3-01	N/A	./TR-PTAs-UPLC-0105.pklbin353	-1	TC-ISDB-o.mgf	0.236416	N/A	N/A	N/A	32	0
353	./TR-PTAs-UPLC-0105.pklbin	*..*	 	 	183	-1	0	-1	1	0.520505	-1	0	0	0	A2B1-01	N/A	./TR-PTAs-UPLC-0105.pklbin353	-1	TC-ISDB-o.mgf	0.236416	N/A	N/A	N/A	28	0
353	./TR-PTAs-UPLC-0105.pklbin	*..*	 	 	188	-1	0	-1	1	0.519193	-1	0	0	0	A2B2-01	N/A	./TR-PTAs-UPLC-0105.pklbin353	-1	TC-ISDB-o.mgf	0.236416	N/A	N/A	N/A	32	0
885	./TR-PTAs-UPLC-0105.pklbin	*..*	 	 	645	-1	0	-1	1	0.548288	-1	0	0	0	A4B30-01	N/A	./TR-PTAs-UPLC-0105.pklbin885	-1	TC-ISDB-o.mgf	2.26917	N/A	N/A	N/A	32	0
360	./TR-PTAs-UPLC-0105.pklbin	*..*	 	 	193	-1	0	-1	1	0.567255	-1	0	0	0	A2B3-01	N/A	./TR-PTAs-UPLC-0105.pklbin360	-1	TC-ISDB-o.mgf	0	N/A	N/A	N/A	31	0
360	./TR-PTAs-UPLC-0105.pklbin	*..*	 	 	183	-1	0	-1	1	0.531078	-1	0	0	0	A2B1-01	N/A	./TR-PTAs-UPLC-0105.pklbin360	-1	TC-ISDB-o.mgf	0	N/A	N/A	N/A	27	0
360	./TR-PTAs-UPLC-0105.pklbin	*..*	 	 	188	-1	0	-1	1	0.519467	-1	0	0	0	A2B2-01	N/A	./TR-PTAs-UPLC-0105.pklbin360	-1	TC-ISDB-o.mgf	0	N/A	N/A	N/A	32	0
892	./TR-PTAs-UPLC-0105.pklbin	*..*	 	 	222	-1	0	-1	1	0.589239	-1	0	0	0	A2B9-01	N/A	./TR-PTAs-UPLC-0105.pklbin892	-1	TC-ISDB-o.mgf	0.0670251	N/A	N/A	N/A	26	0
892	./TR-PTAs-UPLC-0105.pklbin	*..*	 	 	247	-1	0	-1	1	0.582053	-1	0	0	0	A2B14-03	N/A	./TR-PTAs-UPLC-0105.pklbin892	-1	TC-ISDB-o.mgf	0.0670251	N/A	N/A	N/A	32	0
892	./TR-PTAs-UPLC-0105.pklbin	*..*	 	 	255	-1	0	-1	1	0.560272	-1	0	0	0	A2B16-02	N/A	./TR-PTAs-UPLC-0105.pklbin892	-1	TC-ISDB-o.mgf	0.0670251	N/A	N/A	N/A	29	0
892	./TR-PTAs-UPLC-0105.pklbin	*..*	 	 	304	-1	0	-1	1	0.559005	-1	0	0	0	A2B26-01	N/A	./TR-PTAs-UPLC-0105.pklbin892	-1	TC-ISDB-o.mgf	0.0670251	N/A	N/A	N/A	26	0
892	./TR-PTAs-UPLC-0105.pklbin	*..*	 	 	250	-1	0	-1	1	0.535356	-1	0	0	0	A2B15-01	N/A	./TR-PTAs-UPLC-0105.pklbin892	-1	TC-ISDB-o.mgf	0.0670251	N/A	N/A	N/A	32	0
656	./TR-PTAs-UPLC-0105.pklbin	*..*	 	 	65	-1	0	-1	1	0.515207	-1	0	0	0	A1B11-02	N/A	./TR-PTAs-UPLC-0105.pklbin656	-1	TC-ISDB-o.mgf	0.333675	N/A	N/A	N/A	31	0
241	./TR-PTAs-UPLC-0105.pklbin	*..*	 	 	25	-1	0	-1	1	0.686621	-1	0	0	0	A1B3-01	N/A	./TR-PTAs-UPLC-0105.pklbin241	-1	TC-ISDB-o.mgf	7.4872	N/A	N/A	N/A	32	0
241	./TR-PTAs-UPLC-0105.pklbin	*..*	 	 	16	-1	0	-1	1	0.649978	-1	0	0	0	A1B1-01	N/A	./TR-PTAs-UPLC-0105.pklbin241	-1	TC-ISDB-o.mgf	7.4872	N/A	N/A	N/A	32	0
241	./TR-PTAs-UPLC-0105.pklbin	*..*	 	 	26	-1	0	-1	1	0.62757	-1	0	0	0	A1B3-02	N/A	./TR-PTAs-UPLC-0105.pklbin241	-1	TC-ISDB-o.mgf	7.4872	N/A	N/A	N/A	38	0
241	./TR-PTAs-UPLC-0105.pklbin	*..*	 	 	17	-1	0	-1	1	0.611247	-1	0	0	0	A1B1-02	N/A	./TR-PTAs-UPLC-0105.pklbin241	-1	TC-ISDB-o.mgf	7.4872	N/A	N/A	N/A	33	0
241	./TR-PTAs-UPLC-0105.pklbin	*..*	 	 	20	-1	0	-1	1	0.548407	-1	0	0	0	A1B2-01	N/A	./TR-PTAs-UPLC-0105.pklbin241	-1	TC-ISDB-o.mgf	7.4872	N/A	N/A	N/A	34	0
161	./TR-PTAs-UPLC-0105.pklbin	*..*	 	 	415	-1	0	-1	1	0.542182	-1	0	0	0	A3B15-05	N/A	./TR-PTAs-UPLC-0105.pklbin161	-1	TC-ISDB-o.mgf	0.486298	N/A	N/A	N/A	36	0
161	./TR-PTAs-UPLC-0105.pklbin	*..*	 	 	391	-1	0	-1	1	0.505929	-1	0	0	0	A3B10-05	N/A	./TR-PTAs-UPLC-0105.pklbin161	-1	TC-ISDB-o.mgf	0.486298	N/A	N/A	N/A	36	0
164	./TR-PTAs-UPLC-0105.pklbin	*..*	 	 	91	-1	0	-1	1	0.508701	-1	0	0	0	A1B16-05	N/A	./TR-PTAs-UPLC-0105.pklbin164	-1	TC-ISDB-o.mgf	0.333675	N/A	N/A	N/A	21	0
428	./TR-PTAs-UPLC-0105.pklbin	*..*	 	 	95	-1	0	-1	1	0.691283	-1	0	0	0	A1B17-04	N/A	./TR-PTAs-UPLC-0105.pklbin428	-1	TC-ISDB-o.mgf	1.94388	N/A	N/A	N/A	38	0
428	./TR-PTAs-UPLC-0105.pklbin	*..*	 	 	70	-1	0	-1	1	0.681361	-1	0	0	0	A1B12-03	N/A	./TR-PTAs-UPLC-0105.pklbin428	-1	TC-ISDB-o.mgf	1.94388	N/A	N/A	N/A	32	0
428	./TR-PTAs-UPLC-0105.pklbin	*..*	 	 	119	-1	0	-1	1	0.67279	-1	0	0	0	A1B22-05	N/A	./TR-PTAs-UPLC-0105.pklbin428	-1	TC-ISDB-o.mgf	1.94388	N/A	N/A	N/A	41	0
428	./TR-PTAs-UPLC-0105.pklbin	*..*	 	 	118	-1	0	-1	1	0.670603	-1	0	0	0	A1B22-04	N/A	./TR-PTAs-UPLC-0105.pklbin428	-1	TC-ISDB-o.mgf	1.94388	N/A	N/A	N/A	41	0
428	./TR-PTAs-UPLC-0105.pklbin	*..*	 	 	50	-1	0	-1	1	0.66032	-1	0	0	0	A1B8-02	N/A	./TR-PTAs-UPLC-0105.pklbin428	-1	TC-ISDB-o.mgf	1.94388	N/A	N/A	N/A	30	0
362	./TR-PTAs-UPLC-0105.pklbin	*..*	 	 	155	-1	0	-1	1	0.519912	-1	0	0	0	A1B30-01	N/A	./TR-PTAs-UPLC-0105.pklbin362	-1	TC-ISDB-o.mgf	0	N/A	N/A	N/A	31	0
364	./TR-PTAs-UPLC-0105.pklbin	*..*	 	 	324	-1	0	-1	1	0.524845	-1	0	0	0	A2B30-01	N/A	./TR-PTAs-UPLC-0105.pklbin364	-1	TC-ISDB-o.mgf	1.03601	N/A	N/A	N/A	36	0
496	./TR-PTAs-UPLC-0105.pklbin	*..*	 	 	25	-1	0	-1	1	0.712522	-1	0	0	0	A1B3-01	N/A	./TR-PTAs-UPLC-0105.pklbin496	-1	TC-ISDB-o.mgf	6.38383	N/A	N/A	N/A	34	0
496	./TR-PTAs-UPLC-0105.pklbin	*..*	 	 	16	-1	0	-1	1	0.667112	-1	0	0	0	A1B1-01	N/A	./TR-PTAs-UPLC-0105.pklbin496	-1	TC-ISDB-o.mgf	6.38383	N/A	N/A	N/A	31	0
496	./TR-PTAs-UPLC-0105.pklbin	*..*	 	 	26	-1	0	-1	1	0.640669	-1	0	0	0	A1B3-02	N/A	./TR-PTAs-UPLC-0105.pklbin496	-1	TC-ISDB-o.mgf	6.38383	N/A	N/A	N/A	37	0
496	./TR-PTAs-UPLC-0105.pklbin	*..*	 	 	17	-1	0	-1	1	0.62811	-1	0	0	0	A1B1-02	N/A	./TR-PTAs-UPLC-0105.pklbin496	-1	TC-ISDB-o.mgf	6.38383	N/A	N/A	N/A	31	0
496	./TR-PTAs-UPLC-0105.pklbin	*..*	 	 	20	-1	0	-1	1	0.566093	-1	0	0	0	A1B2-01	N/A	./TR-PTAs-UPLC-0105.pklbin496	-1	TC-ISDB-o.mgf	6.38383	N/A	N/A	N/A	34	0
498	./TR-PTAs-UPLC-0105.pklbin	*..*	 	 	25	-1	0	-1	1	0.726378	-1	0	0	0	A1B3-01	N/A	./TR-PTAs-UPLC-0105.pklbin498	-1	TC-ISDB-o.mgf	6.38383	N/A	N/A	N/A	37	0
498	./TR-PTAs-UPLC-0105.pklbin	*..*	 	 	16	-1	0	-1	1	0.677367	-1	0	0	0	A1B1-01	N/A	./TR-PTAs-UPLC-0105.pklbin498	-1	TC-ISDB-o.mgf	6.38383	N/A	N/A	N/A	35	0
498	./TR-PTAs-UPLC-0105.pklbin	*..*	 	 	26	-1	0	-1	1	0.666456	-1	0	0	0	A1B3-02	N/A	./TR-PTAs-UPLC-0105.pklbin498	-1	TC-ISDB-o.mgf	6.38383	N/A	N/A	N/A	43	0
498	./TR-PTAs-UPLC-0105.pklbin	*..*	 	 	17	-1	0	-1	1	0.64065	-1	0	0	0	A1B1-02	N/A	./TR-PTAs-UPLC-0105.pklbin498	-1	TC-ISDB-o.mgf	6.38383	N/A	N/A	N/A	36	0
498	./TR-PTAs-UPLC-0105.pklbin	*..*	 	 	20	-1	0	-1	1	0.56071	-1	0	0	0	A1B2-01	N/A	./TR-PTAs-UPLC-0105.pklbin498	-1	TC-ISDB-o.mgf	6.38383	N/A	N/A	N/A	35	0
377	./TR-PTAs-UPLC-0105.pklbin	*..*	 	 	155	-1	0	-1	1	0.620522	-1	0	0	0	A1B30-01	N/A	./TR-PTAs-UPLC-0105.pklbin377	-1	TC-ISDB-o.mgf	3.56155	N/A	N/A	N/A	49	0
377	./TR-PTAs-UPLC-0105.pklbin	*..*	 	 	156	-1	0	-1	1	0.532678	-1	0	0	0	A1B30-02	N/A	./TR-PTAs-UPLC-0105.pklbin377	-1	TC-ISDB-o.mgf	3.56155	N/A	N/A	N/A	42	0
378	./TR-PTAs-UPLC-0105.pklbin	*..*	 	 	415	-1	0	-1	1	0.533078	-1	0	0	0	A3B15-05	N/A	./TR-PTAs-UPLC-0105.pklbin378	-1	TC-ISDB-o.mgf	0.277885	N/A	N/A	N/A	36	0
1444	./TR-PTAs-UPLC-0105.pklbin	*..*	 	 	134	-1	0	-1	1	0.521723	-1	0	0	0	A1B25-05	N/A	./TR-PTAs-UPLC-0105.pklbin1444	-1	TC-ISDB-o.mgf	0.134657	N/A	N/A	N/A	17	0
172	./TR-PTAs-UPLC-0105.pklbin	*..*	 	 	95	-1	0	-1	1	0.612857	-1	0	0	0	A1B17-04	N/A	./TR-PTAs-UPLC-0105.pklbin172	-1	TC-ISDB-o.mgf	0.871396	N/A	N/A	N/A	33	0
172	./TR-PTAs-UPLC-0105.pklbin	*..*	 	 	59	-1	0	-1	1	0.609402	-1	0	0	0	A1B10-01	N/A	./TR-PTAs-UPLC-0105.pklbin172	-1	TC-ISDB-o.mgf	0.871396	N/A	N/A	N/A	40	0
172	./TR-PTAs-UPLC-0105.pklbin	*..*	 	 	119	-1	0	-1	1	0.603438	-1	0	0	0	A1B22-05	N/A	./TR-PTAs-UPLC-0105.pklbin172	-1	TC-ISDB-o.mgf	0.871396	N/A	N/A	N/A	40	0
172	./TR-PTAs-UPLC-0105.pklbin	*..*	 	 	118	-1	0	-1	1	0.602986	-1	0	0	0	A1B22-04	N/A	./TR-PTAs-UPLC-0105.pklbin172	-1	TC-ISDB-o.mgf	0.871396	N/A	N/A	N/A	40	0
172	./TR-PTAs-UPLC-0105.pklbin	*..*	 	 	55	-1	0	-1	1	0.58029	-1	0	0	0	A1B9-02	N/A	./TR-PTAs-UPLC-0105.pklbin172	-1	TC-ISDB-o.mgf	0.871396	N/A	N/A	N/A	28	0
1707	./TR-PTAs-UPLC-0105.pklbin	*..*	 	 	25	-1	0	-1	1	0.680469	-1	0	0	0	A1B3-01	N/A	./TR-PTAs-UPLC-0105.pklbin1707	-1	TC-ISDB-o.mgf	2.04913	N/A	N/A	N/A	31	0
1707	./TR-PTAs-UPLC-0105.pklbin	*..*	 	 	16	-1	0	-1	1	0.643864	-1	0	0	0	A1B1-01	N/A	./TR-PTAs-UPLC-0105.pklbin1707	-1	TC-ISDB-o.mgf	2.04913	N/A	N/A	N/A	30	0
1707	./TR-PTAs-UPLC-0105.pklbin	*..*	 	 	26	-1	0	-1	1	0.622045	-1	0	0	0	A1B3-02	N/A	./TR-PTAs-UPLC-0105.pklbin1707	-1	TC-ISDB-o.mgf	2.04913	N/A	N/A	N/A	34	0
1707	./TR-PTAs-UPLC-0105.pklbin	*..*	 	 	17	-1	0	-1	1	0.615056	-1	0	0	0	A1B1-02	N/A	./TR-PTAs-UPLC-0105.pklbin1707	-1	TC-ISDB-o.mgf	2.04913	N/A	N/A	N/A	29	0
1707	./TR-PTAs-UPLC-0105.pklbin	*..*	 	 	20	-1	0	-1	1	0.530202	-1	0	0	0	A1B2-01	N/A	./TR-PTAs-UPLC-0105.pklbin1707	-1	TC-ISDB-o.mgf	2.04913	N/A	N/A	N/A	31	0
388	./TR-PTAs-UPLC-0105.pklbin	*..*	 	 	351	-1	0	-1	1	0.50735	-1	0	0	0	A3B2-01	N/A	./TR-PTAs-UPLC-0105.pklbin388	-1	TC-ISDB-o.mgf	0.163529	N/A	N/A	N/A	24	0
388	./TR-PTAs-UPLC-0105.pklbin	*..*	 	 	358	-1	0	-1	1	0.506591	-1	0	0	0	A3B3-05	N/A	./TR-PTAs-UPLC-0105.pklbin388	-1	TC-ISDB-o.mgf	0.163529	N/A	N/A	N/A	16	0
514	./TR-PTAs-UPLC-0105.pklbin	*..*	 	 	134	-1	0	-1	1	0.629784	-1	0	0	0	A1B25-05	N/A	./TR-PTAs-UPLC-0105.pklbin514	-1	TC-ISDB-o.mgf	1.21191	N/A	N/A	N/A	25	0
514	./TR-PTAs-UPLC-0105.pklbin	*..*	 	 	133	-1	0	-1	1	0.610665	-1	0	0	0	A1B25-04	N/A	./TR-PTAs-UPLC-0105.pklbin514	-1	TC-ISDB-o.mgf	1.21191	N/A	N/A	N/A	27	0
514	./TR-PTAs-UPLC-0105.pklbin	*..*	 	 	132	-1	0	-1	1	0.534625	-1	0	0	0	A1B25-03	N/A	./TR-PTAs-UPLC-0105.pklbin514	-1	TC-ISDB-o.mgf	1.21191	N/A	N/A	N/A	33	0
177	./TR-PTAs-UPLC-0105.pklbin	*..*	 	 	193	-1	0	-1	1	0.593217	-1	0	0	0	A2B3-01	N/A	./TR-PTAs-UPLC-0105.pklbin177	-1	TC-ISDB-o.mgf	0	N/A	N/A	N/A	31	0
177	./TR-PTAs-UPLC-0105.pklbin	*..*	 	 	183	-1	0	-1	1	0.566917	-1	0	0	0	A2B1-01	N/A	./TR-PTAs-UPLC-0105.pklbin177	-1	TC-ISDB-o.mgf	0	N/A	N/A	N/A	27	0
177	./TR-PTAs-UPLC-0105.pklbin	*..*	 	 	188	-1	0	-1	1	0.529257	-1	0	0	0	A2B2-01	N/A	./TR-PTAs-UPLC-0105.pklbin177	-1	TC-ISDB-o.mgf	0	N/A	N/A	N/A	31	0
177	./TR-PTAs-UPLC-0105.pklbin	*..*	 	 	197	-1	0	-1	1	0.50714	-1	0	0	0	A2B3-05	N/A	./TR-PTAs-UPLC-0105.pklbin177	-1	TC-ISDB-o.mgf	0	N/A	N/A	N/A	27	0
1712	./TR-PTAs-UPLC-0105.pklbin	*..*	 	 	645	-1	0	-1	1	0.598723	-1	0	0	0	A4B30-01	N/A	./TR-PTAs-UPLC-0105.pklbin1712	-1	TC-ISDB-o.mgf	3.60398	N/A	N/A	N/A	45	0
1712	./TR-PTAs-UPLC-0105.pklbin	*..*	 	 	646	-1	0	-1	1	0.560329	-1	0	0	0	A4B30-02	N/A	./TR-PTAs-UPLC-0105.pklbin1712	-1	TC-ISDB-o.mgf	3.60398	N/A	N/A	N/A	43	0
395	./TR-PTAs-UPLC-0105.pklbin	*..*	 	 	95	-1	0	-1	1	0.688815	-1	0	0	0	A1B17-04	N/A	./TR-PTAs-UPLC-0105.pklbin395	-1	TC-ISDB-o.mgf	3.75371	N/A	N/A	N/A	36	0
395	./TR-PTAs-UPLC-0105.pklbin	*..*	 	 	70	-1	0	-1	1	0.683692	-1	0	0	0	A1B12-03	N/A	./TR-PTAs-UPLC-0105.pklbin395	-1	TC-ISDB-o.mgf	3.75371	N/A	N/A	N/A	29	0
395	./TR-PTAs-UPLC-0105.pklbin	*..*	 	 	119	-1	0	-1	1	0.633012	-1	0	0	0	A1B22-05	N/A	./TR-PTAs-UPLC-0105.pklbin395	-1	TC-ISDB-o.mgf	3.75371	N/A	N/A	N/A	40	0
395	./TR-PTAs-UPLC-0105.pklbin	*..*	 	 	50	-1	0	-1	1	0.632757	-1	0	0	0	A1B8-02	N/A	./TR-PTAs-UPLC-0105.pklbin395	-1	TC-ISDB-o.mgf	3.75371	N/A	N/A	N/A	25	0
395	./TR-PTAs-UPLC-0105.pklbin	*..*	 	 	118	-1	0	-1	1	0.631388	-1	0	0	0	A1B22-04	N/A	./TR-PTAs-UPLC-0105.pklbin395	-1	TC-ISDB-o.mgf	3.75371	N/A	N/A	N/A	40	0
523	./TR-PTAs-UPLC-0105.pklbin	*..*	 	 	65	-1	0	-1	1	0.502567	-1	0	0	0	A1B11-02	N/A	./TR-PTAs-UPLC-0105.pklbin523	-1	TC-ISDB-o.mgf	0.066735	N/A	N/A	N/A	28	0
524	./TR-PTAs-UPLC-0105.pklbin	*..*	 	 	415	-1	0	-1	1	0.522184	-1	0	0	0	A3B15-05	N/A	./TR-PTAs-UPLC-0105.pklbin524	-1	TC-ISDB-o.mgf	0.138942	N/A	N/A	N/A	28	0
401	./TR-PTAs-UPLC-0105.pklbin	*..*	 	 	155	-1	0	-1	1	0.583437	-1	0	0	0	A1B30-01	N/A	./TR-PTAs-UPLC-0105.pklbin401	-1	TC-ISDB-o.mgf	0.453288	N/A	N/A	N/A	37	0
401	./TR-PTAs-UPLC-0105.pklbin	*..*	 	 	156	-1	0	-1	1	0.508341	-1	0	0	0	A1B30-02	N/A	./TR-PTAs-UPLC-0105.pklbin401	-1	TC-ISDB-o.mgf	0.453288	N/A	N/A	N/A	29	0
403	./TR-PTAs-UPLC-0105.pklbin	*..*	 	 	304	-1	0	-1	1	0.58521	-1	0	0	0	A2B26-01	N/A	./TR-PTAs-UPLC-0105.pklbin403	-1	TC-ISDB-o.mgf	0.402151	N/A	N/A	N/A	31	0
403	./TR-PTAs-UPLC-0105.pklbin	*..*	 	 	247	-1	0	-1	1	0.577492	-1	0	0	0	A2B14-03	N/A	./TR-PTAs-UPLC-0105.pklbin403	-1	TC-ISDB-o.mgf	0.402151	N/A	N/A	N/A	33	0
403	./TR-PTAs-UPLC-0105.pklbin	*..*	 	 	220	-1	0	-1	1	0.575647	-1	0	0	0	A2B8-04	N/A	./TR-PTAs-UPLC-0105.pklbin403	-1	TC-ISDB-o.mgf	0.402151	N/A	N/A	N/A	29	0
403	./TR-PTAs-UPLC-0105.pklbin	*..*	 	 	222	-1	0	-1	1	0.567988	-1	0	0	0	A2B9-01	N/A	./TR-PTAs-UPLC-0105.pklbin403	-1	TC-ISDB-o.mgf	0.402151	N/A	N/A	N/A	26	0
403	./TR-PTAs-UPLC-0105.pklbin	*..*	 	 	255	-1	0	-1	1	0.563851	-1	0	0	0	A2B16-02	N/A	./TR-PTAs-UPLC-0105.pklbin403	-1	TC-ISDB-o.mgf	0.402151	N/A	N/A	N/A	31	0
187	./TR-PTAs-UPLC-0105.pklbin	*..*	 	 	155	-1	0	-1	1	0.547724	-1	0	0	0	A1B30-01	N/A	./TR-PTAs-UPLC-0105.pklbin187	-1	TC-ISDB-o.mgf	0.388533	N/A	N/A	N/A	47	0
194	./TR-PTAs-UPLC-0105.pklbin	*..*	 	 	188	-1	0	-1	1	0.554968	-1	0	0	0	A2B2-01	N/A	./TR-PTAs-UPLC-0105.pklbin194	-1	TC-ISDB-o.mgf	0	N/A	N/A	N/A	32	0
194	./TR-PTAs-UPLC-0105.pklbin	*..*	 	 	193	-1	0	-1	1	0.547322	-1	0	0	0	A2B3-01	N/A	./TR-PTAs-UPLC-0105.pklbin194	-1	TC-ISDB-o.mgf	0	N/A	N/A	N/A	29	0
194	./TR-PTAs-UPLC-0105.pklbin	*..*	 	 	191	-1	0	-1	1	0.521824	-1	0	0	0	A2B2-04	N/A	./TR-PTAs-UPLC-0105.pklbin194	-1	TC-ISDB-o.mgf	0	N/A	N/A	N/A	31	0
195	./TR-PTAs-UPLC-0105.pklbin	*..*	 	 	91	-1	0	-1	1	0.52703	-1	0	0	0	A1B16-05	N/A	./TR-PTAs-UPLC-0105.pklbin195	-1	TC-ISDB-o.mgf	0.333675	N/A	N/A	N/A	20	0
448	./TR-PTAs-UPLC-0105.pklbin	*..*	 	 	590	-1	0	-1	1	0.545634	-1	0	0	0	A4B19-01	N/A	./TR-PTAs-UPLC-0105.pklbin448	-1	TC-ISDB-o.mgf	0.894986	N/A	N/A	N/A	23	0
448	./TR-PTAs-UPLC-0105.pklbin	*..*	 	 	595	-1	0	-1	1	0.521526	-1	0	0	0	A4B20-01	N/A	./TR-PTAs-UPLC-0105.pklbin448	-1	TC-ISDB-o.mgf	0.894986	N/A	N/A	N/A	21	0
448	./TR-PTAs-UPLC-0105.pklbin	*..*	 	 	634	-1	0	-1	1	0.508948	-1	0	0	0	A4B27-05	N/A	./TR-PTAs-UPLC-0105.pklbin448	-1	TC-ISDB-o.mgf	0.894986	N/A	N/A	N/A	24	0
417	./TR-PTAs-UPLC-0105.pklbin	*..*	 	 	155	-1	0	-1	1	0.536236	-1	0	0	0	A1B30-01	N/A	./TR-PTAs-UPLC-0105.pklbin417	-1	TC-ISDB-o.mgf	2.07218	N/A	N/A	N/A	49	0
417	./TR-PTAs-UPLC-0105.pklbin	*..*	 	 	156	-1	0	-1	1	0.502321	-1	0	0	0	A1B30-02	N/A	./TR-PTAs-UPLC-0105.pklbin417	-1	TC-ISDB-o.mgf	2.07218	N/A	N/A	N/A	43	0
203	./TR-PTAs-UPLC-0105.pklbin	*..*	 	 	354	-1	0	-1	1	0.501751	-1	0	0	0	A3B3-01	N/A	./TR-PTAs-UPLC-0105.pklbin203	-1	TC-ISDB-o.mgf	0.735881	N/A	N/A	N/A	28	0
281	./TR-PTAs-UPLC-0105.pklbin	*..*	 	 	119	-1	0	-1	1	0.648937	-1	0	0	0	A1B22-05	N/A	./TR-PTAs-UPLC-0105.pklbin281	-1	TC-ISDB-o.mgf	0.670305	N/A	N/A	N/A	39	0
281	./TR-PTAs-UPLC-0105.pklbin	*..*	 	 	118	-1	0	-1	1	0.64809	-1	0	0	0	A1B22-04	N/A	./TR-PTAs-UPLC-0105.pklbin281	-1	TC-ISDB-o.mgf	0.670305	N/A	N/A	N/A	39	0
281	./TR-PTAs-UPLC-0105.pklbin	*..*	 	 	64	-1	0	-1	1	0.605525	-1	0	0	0	A1B11-01	N/A	./TR-PTAs-UPLC-0105.pklbin281	-1	TC-ISDB-o.mgf	0.670305	N/A	N/A	N/A	34	0
281	./TR-PTAs-UPLC-0105.pklbin	*..*	 	 	59	-1	0	-1	1	0.597544	-1	0	0	0	A1B10-01	N/A	./TR-PTAs-UPLC-0105.pklbin281	-1	TC-ISDB-o.mgf	0.670305	N/A	N/A	N/A	41	0
281	./TR-PTAs-UPLC-0105.pklbin	*..*	 	 	95	-1	0	-1	1	0.578885	-1	0	0	0	A1B17-04	N/A	./TR-PTAs-UPLC-0105.pklbin281	-1	TC-ISDB-o.mgf	0.670305	N/A	N/A	N/A	34	0
205	./TR-PTAs-UPLC-0105.pklbin	*..*	 	 	380	-1	0	-1	1	0.570745	-1	0	0	0	A3B8-03	N/A	./TR-PTAs-UPLC-0105.pklbin205	-1	TC-ISDB-o.mgf	0.138308	N/A	N/A	N/A	23	0
205	./TR-PTAs-UPLC-0105.pklbin	*..*	 	 	465	-1	0	-1	1	0.565738	-1	0	0	0	A3B26-01	N/A	./TR-PTAs-UPLC-0105.pklbin205	-1	TC-ISDB-o.mgf	0.138308	N/A	N/A	N/A	24	0
205	./TR-PTAs-UPLC-0105.pklbin	*..*	 	 	416	-1	0	-1	1	0.546225	-1	0	0	0	A3B16-01	N/A	./TR-PTAs-UPLC-0105.pklbin205	-1	TC-ISDB-o.mgf	0.138308	N/A	N/A	N/A	23	0
205	./TR-PTAs-UPLC-0105.pklbin	*..*	 	 	397	-1	0	-1	1	0.542894	-1	0	0	0	A3B12-02	N/A	./TR-PTAs-UPLC-0105.pklbin205	-1	TC-ISDB-o.mgf	0.138308	N/A	N/A	N/A	22	0
205	./TR-PTAs-UPLC-0105.pklbin	*..*	 	 	451	-1	0	-1	1	0.536666	-1	0	0	0	A3B23-02	N/A	./TR-PTAs-UPLC-0105.pklbin205	-1	TC-ISDB-o.mgf	0.138308	N/A	N/A	N/A	22	0
467	./TR-PTAs-UPLC-0105.pklbin	*..*	 	 	559	-1	0	-1	1	0.679931	-1	0	0	0	A4B12-02	N/A	./TR-PTAs-UPLC-0105.pklbin467	-1	TC-ISDB-o.mgf	1.72899	N/A	N/A	N/A	18	0
467	./TR-PTAs-UPLC-0105.pklbin	*..*	 	 	591	-1	0	-1	1	0.62323	-1	0	0	0	A4B19-02	N/A	./TR-PTAs-UPLC-0105.pklbin467	-1	TC-ISDB-o.mgf	1.72899	N/A	N/A	N/A	24	0
467	./TR-PTAs-UPLC-0105.pklbin	*..*	 	 	560	-1	0	-1	1	0.619989	-1	0	0	0	A4B12-03	N/A	./TR-PTAs-UPLC-0105.pklbin467	-1	TC-ISDB-o.mgf	1.72899	N/A	N/A	N/A	17	0
467	./TR-PTAs-UPLC-0105.pklbin	*..*	 	 	544	-1	0	-1	1	0.594507	-1	0	0	0	A4B9-02	N/A	./TR-PTAs-UPLC-0105.pklbin467	-1	TC-ISDB-o.mgf	1.72899	N/A	N/A	N/A	16	0
467	./TR-PTAs-UPLC-0105.pklbin	*..*	 	 	593	-1	0	-1	1	0.59338	-1	0	0	0	A4B19-04	N/A	./TR-PTAs-UPLC-0105.pklbin467	-1	TC-ISDB-o.mgf	1.72899	N/A	N/A	N/A	30	0
468	./TR-PTAs-UPLC-0105.pklbin	*..*	 	 	222	-1	0	-1	1	0.543378	-1	0	0	0	A2B9-01	N/A	./TR-PTAs-UPLC-0105.pklbin468	-1	TC-ISDB-o.mgf	0.201075	N/A	N/A	N/A	23	0
468	./TR-PTAs-UPLC-0105.pklbin	*..*	 	 	255	-1	0	-1	1	0.541345	-1	0	0	0	A2B16-02	N/A	./TR-PTAs-UPLC-0105.pklbin468	-1	TC-ISDB-o.mgf	0.201075	N/A	N/A	N/A	27	0
468	./TR-PTAs-UPLC-0105.pklbin	*..*	 	 	247	-1	0	-1	1	0.531532	-1	0	0	0	A2B14-03	N/A	./TR-PTAs-UPLC-0105.pklbin468	-1	TC-ISDB-o.mgf	0.201075	N/A	N/A	N/A	28	0
468	./TR-PTAs-UPLC-0105.pklbin	*..*	 	 	261	-1	0	-1	1	0.52098	-1	0	0	0	A2B17-03	N/A	./TR-PTAs-UPLC-0105.pklbin468	-1	TC-ISDB-o.mgf	0.201075	N/A	N/A	N/A	16	0
468	./TR-PTAs-UPLC-0105.pklbin	*..*	 	 	304	-1	0	-1	1	0.515193	-1	0	0	0	A2B26-01	N/A	./TR-PTAs-UPLC-0105.pklbin468	-1	TC-ISDB-o.mgf	0.201075	N/A	N/A	N/A	27	0
1461	./TR-PTAs-UPLC-0105.pklbin	*..*	 	 	25	-1	0	-1	1	0.692757	-1	0	0	0	A1B3-01	N/A	./TR-PTAs-UPLC-0105.pklbin1461	-1	TC-ISDB-o.mgf	3.31013	N/A	N/A	N/A	33	0
1461	./TR-PTAs-UPLC-0105.pklbin	*..*	 	 	16	-1	0	-1	1	0.654406	-1	0	0	0	A1B1-01	N/A	./TR-PTAs-UPLC-0105.pklbin1461	-1	TC-ISDB-o.mgf	3.31013	N/A	N/A	N/A	32	0
1461	./TR-PTAs-UPLC-0105.pklbin	*..*	 	 	26	-1	0	-1	1	0.637477	-1	0	0	0	A1B3-02	N/A	./TR-PTAs-UPLC-0105.pklbin1461	-1	TC-ISDB-o.mgf	3.31013	N/A	N/A	N/A	39	0
1461	./TR-PTAs-UPLC-0105.pklbin	*..*	 	 	17	-1	0	-1	1	0.627933	-1	0	0	0	A1B1-02	N/A	./TR-PTAs-UPLC-0105.pklbin1461	-1	TC-ISDB-o.mgf	3.31013	N/A	N/A	N/A	34	0
1461	./TR-PTAs-UPLC-0105.pklbin	*..*	 	 	20	-1	0	-1	1	0.54581	-1	0	0	0	A1B2-01	N/A	./TR-PTAs-UPLC-0105.pklbin1461	-1	TC-ISDB-o.mgf	3.31013	N/A	N/A	N/A	33	0
214	./TR-PTAs-UPLC-0105.pklbin	*..*	 	 	70	-1	0	-1	1	0.695656	-1	0	0	0	A1B12-03	N/A	./TR-PTAs-UPLC-0105.pklbin214	-1	TC-ISDB-o.mgf	3.0834	N/A	N/A	N/A	26	0
214	./TR-PTAs-UPLC-0105.pklbin	*..*	 	 	95	-1	0	-1	1	0.676054	-1	0	0	0	A1B17-04	N/A	./TR-PTAs-UPLC-0105.pklbin214	-1	TC-ISDB-o.mgf	3.0834	N/A	N/A	N/A	34	0
214	./TR-PTAs-UPLC-0105.pklbin	*..*	 	 	50	-1	0	-1	1	0.631322	-1	0	0	0	A1B8-02	N/A	./TR-PTAs-UPLC-0105.pklbin214	-1	TC-ISDB-o.mgf	3.0834	N/A	N/A	N/A	25	0
214	./TR-PTAs-UPLC-0105.pklbin	*..*	 	 	102	-1	0	-1	1	0.622141	-1	0	0	0	A1B19-02	N/A	./TR-PTAs-UPLC-0105.pklbin214	-1	TC-ISDB-o.mgf	3.0834	N/A	N/A	N/A	25	0
214	./TR-PTAs-UPLC-0105.pklbin	*..*	 	 	101	-1	0	-1	1	0.61296	-1	0	0	0	A1B19-01	N/A	./TR-PTAs-UPLC-0105.pklbin214	-1	TC-ISDB-o.mgf	3.0834	N/A	N/A	N/A	32	0
216	./TR-PTAs-UPLC-0105.pklbin	*..*	 	 	415	-1	0	-1	1	0.546919	-1	0	0	0	A3B15-05	N/A	./TR-PTAs-UPLC-0105.pklbin216	-1	TC-ISDB-o.mgf	0.0694711	N/A	N/A	N/A	38	0
216	./TR-PTAs-UPLC-0105.pklbin	*..*	 	 	391	-1	0	-1	1	0.52934	-1	0	0	0	A3B10-05	N/A	./TR-PTAs-UPLC-0105.pklbin216	-1	TC-ISDB-o.mgf	0.0694711	N/A	N/A	N/A	35	0
1468	./TR-PTAs-UPLC-0105.pklbin	*..*	 	 	572	-1	0	-1	1	0.539837	-1	0	0	0	A4B15-01	N/A	./TR-PTAs-UPLC-0105.pklbin1468	-1	TC-ISDB-o.mgf	1.24487	N/A	N/A	N/A	22	0
1468	./TR-PTAs-UPLC-0105.pklbin	*..*	 	 	544	-1	0	-1	1	0.521208	-1	0	0	0	A4B9-02	N/A	./TR-PTAs-UPLC-0105.pklbin1468	-1	TC-ISDB-o.mgf	1.24487	N/A	N/A	N/A	11	0
1468	./TR-PTAs-UPLC-0105.pklbin	*..*	 	 	583	-1	0	-1	1	0.505947	-1	0	0	0	A4B17-03	N/A	./TR-PTAs-UPLC-0105.pklbin1468	-1	TC-ISDB-o.mgf	1.24487	N/A	N/A	N/A	10	0
1468	./TR-PTAs-UPLC-0105.pklbin	*..*	 	 	559	-1	0	-1	1	0.503004	-1	0	0	0	A4B12-02	N/A	./TR-PTAs-UPLC-0105.pklbin1468	-1	TC-ISDB-o.mgf	1.24487	N/A	N/A	N/A	15	0
1468	./TR-PTAs-UPLC-0105.pklbin	*..*	 	 	554	-1	0	-1	1	0.502112	-1	0	0	0	A4B11-02	N/A	./TR-PTAs-UPLC-0105.pklbin1468	-1	TC-ISDB-o.mgf	1.24487	N/A	N/A	N/A	17	0
1558	./TR-PTAs-UPLC-0105.pklbin	*..*	 	 	506	-1	0	-1	1	0.653488	-1	0	0	0	A4B1-01	N/A	./TR-PTAs-UPLC-0105.pklbin1558	-1	TC-ISDB-o.mgf	1.47191	N/A	N/A	N/A	22	0
1558	./TR-PTAs-UPLC-0105.pklbin	*..*	 	 	512	-1	0	-1	1	0.629373	-1	0	0	0	A4B2-02	N/A	./TR-PTAs-UPLC-0105.pklbin1558	-1	TC-ISDB-o.mgf	1.47191	N/A	N/A	N/A	28	0
1558	./TR-PTAs-UPLC-0105.pklbin	*..*	 	 	507	-1	0	-1	1	0.624432	-1	0	0	0	A4B1-02	N/A	./TR-PTAs-UPLC-0105.pklbin1558	-1	TC-ISDB-o.mgf	1.47191	N/A	N/A	N/A	19	0
289	./TR-PTAs-UPLC-0105.pklbin	*..*	 	 	380	-1	0	-1	1	0.589473	-1	0	0	0	A3B8-03	N/A	./TR-PTAs-UPLC-0105.pklbin289	-1	TC-ISDB-o.mgf	0.414923	N/A	N/A	N/A	27	0
289	./TR-PTAs-UPLC-0105.pklbin	*..*	 	 	465	-1	0	-1	1	0.583664	-1	0	0	0	A3B26-01	N/A	./TR-PTAs-UPLC-0105.pklbin289	-1	TC-ISDB-o.mgf	0.414923	N/A	N/A	N/A	29	0
289	./TR-PTAs-UPLC-0105.pklbin	*..*	 	 	416	-1	0	-1	1	0.557034	-1	0	0	0	A3B16-01	N/A	./TR-PTAs-UPLC-0105.pklbin289	-1	TC-ISDB-o.mgf	0.414923	N/A	N/A	N/A	30	0
289	./TR-PTAs-UPLC-0105.pklbin	*..*	 	 	456	-1	0	-1	1	0.540228	-1	0	0	0	A3B24-02	N/A	./TR-PTAs-UPLC-0105.pklbin289	-1	TC-ISDB-o.mgf	0.414923	N/A	N/A	N/A	27	0
289	./TR-PTAs-UPLC-0105.pklbin	*..*	 	 	238	-1	0	-1	1	0.539606	-1	0	0	0	A2B12-03	N/A	./TR-PTAs-UPLC-0105.pklbin289	-1	TC-ISDB-o.mgf	0.414923	N/A	N/A	N/A	30	0
290	./TR-PTAs-UPLC-0105.pklbin	*..*	 	 	421	-1	0	-1	1	0.603159	-1	0	0	0	A3B17-01	N/A	./TR-PTAs-UPLC-0105.pklbin290	-1	TC-ISDB-o.mgf	0.829846	N/A	N/A	N/A	15	0
290	./TR-PTAs-UPLC-0105.pklbin	*..*	 	 	465	-1	0	-1	1	0.596326	-1	0	0	0	A3B26-01	N/A	./TR-PTAs-UPLC-0105.pklbin290	-1	TC-ISDB-o.mgf	0.829846	N/A	N/A	N/A	25	0
290	./TR-PTAs-UPLC-0105.pklbin	*..*	 	 	397	-1	0	-1	1	0.589382	-1	0	0	0	A3B12-02	N/A	./TR-PTAs-UPLC-0105.pklbin290	-1	TC-ISDB-o.mgf	0.829846	N/A	N/A	N/A	23	0
290	./TR-PTAs-UPLC-0105.pklbin	*..*	 	 	380	-1	0	-1	1	0.573604	-1	0	0	0	A3B8-03	N/A	./TR-PTAs-UPLC-0105.pklbin290	-1	TC-ISDB-o.mgf	0.829846	N/A	N/A	N/A	23	0
290	./TR-PTAs-UPLC-0105.pklbin	*..*	 	 	420	-1	0	-1	1	0.566981	-1	0	0	0	A3B16-05	N/A	./TR-PTAs-UPLC-0105.pklbin290	-1	TC-ISDB-o.mgf	0.829846	N/A	N/A	N/A	18	0
226	./TR-PTAs-UPLC-0105.pklbin	*..*	 	 	380	-1	0	-1	1	0.591917	-1	0	0	0	A3B8-03	N/A	./TR-PTAs-UPLC-0105.pklbin226	-1	TC-ISDB-o.mgf	0.414923	N/A	N/A	N/A	28	0
226	./TR-PTAs-UPLC-0105.pklbin	*..*	 	 	465	-1	0	-1	1	0.5764	-1	0	0	0	A3B26-01	N/A	./TR-PTAs-UPLC-0105.pklbin226	-1	TC-ISDB-o.mgf	0.414923	N/A	N/A	N/A	28	0
226	./TR-PTAs-UPLC-0105.pklbin	*..*	 	 	416	-1	0	-1	1	0.55221	-1	0	0	0	A3B16-01	N/A	./TR-PTAs-UPLC-0105.pklbin226	-1	TC-ISDB-o.mgf	0.414923	N/A	N/A	N/A	28	0
226	./TR-PTAs-UPLC-0105.pklbin	*..*	 	 	238	-1	0	-1	1	0.547606	-1	0	0	0	A2B12-03	N/A	./TR-PTAs-UPLC-0105.pklbin226	-1	TC-ISDB-o.mgf	0.414923	N/A	N/A	N/A	29	0
226	./TR-PTAs-UPLC-0105.pklbin	*..*	 	 	425	-1	0	-1	1	0.546197	-1	0	0	0	A3B17-05	N/A	./TR-PTAs-UPLC-0105.pklbin226	-1	TC-ISDB-o.mgf	0.414923	N/A	N/A	N/A	26	0
61	./TR-PTAs-UPLC-0105.pklbin	*..*	 	 	65	-1	0	-1	1	0.577508	-1	0	0	0	A1B11-02	N/A	./TR-PTAs-UPLC-0105.pklbin61	-1	TC-ISDB-o.mgf	0.066735	N/A	N/A	N/A	39	0
61	./TR-PTAs-UPLC-0105.pklbin	*..*	 	 	115	-1	0	-1	1	0.52683	-1	0	0	0	A1B22-01	N/A	./TR-PTAs-UPLC-0105.pklbin61	-1	TC-ISDB-o.mgf	0.066735	N/A	N/A	N/A	36	0
61	./TR-PTAs-UPLC-0105.pklbin	*..*	 	 	144	-1	0	-1	1	0.511229	-1	0	0	0	A1B27-05	N/A	./TR-PTAs-UPLC-0105.pklbin61	-1	TC-ISDB-o.mgf	0.066735	N/A	N/A	N/A	39	0
61	./TR-PTAs-UPLC-0105.pklbin	*..*	 	 	91	-1	0	-1	1	0.510357	-1	0	0	0	A1B16-05	N/A	./TR-PTAs-UPLC-0105.pklbin61	-1	TC-ISDB-o.mgf	0.066735	N/A	N/A	N/A	30	0
231	./TR-PTAs-UPLC-0105.pklbin	*..*	 	 	261	-1	0	-1	1	0.618489	-1	0	0	0	A2B17-03	N/A	./TR-PTAs-UPLC-0105.pklbin231	-1	TC-ISDB-o.mgf	0.469176	N/A	N/A	N/A	30	0
231	./TR-PTAs-UPLC-0105.pklbin	*..*	 	 	304	-1	0	-1	1	0.605746	-1	0	0	0	A2B26-01	N/A	./TR-PTAs-UPLC-0105.pklbin231	-1	TC-ISDB-o.mgf	0.469176	N/A	N/A	N/A	40	0
231	./TR-PTAs-UPLC-0105.pklbin	*..*	 	 	222	-1	0	-1	1	0.603589	-1	0	0	0	A2B9-01	N/A	./TR-PTAs-UPLC-0105.pklbin231	-1	TC-ISDB-o.mgf	0.469176	N/A	N/A	N/A	34	0
231	./TR-PTAs-UPLC-0105.pklbin	*..*	 	 	290	-1	0	-1	1	0.592621	-1	0	0	0	A2B23-02	N/A	./TR-PTAs-UPLC-0105.pklbin231	-1	TC-ISDB-o.mgf	0.469176	N/A	N/A	N/A	38	0
231	./TR-PTAs-UPLC-0105.pklbin	*..*	 	 	294	-1	0	-1	1	0.591557	-1	0	0	0	A2B24-01	N/A	./TR-PTAs-UPLC-0105.pklbin231	-1	TC-ISDB-o.mgf	0.469176	N/A	N/A	N/A	38	0
62	./TR-PTAs-UPLC-0105.pklbin	*..*	 	 	70	-1	0	-1	1	0.775124	-1	0	0	0	A1B12-03	N/A	./TR-PTAs-UPLC-0105.pklbin62	-1	TC-ISDB-o.mgf	0.201091	N/A	N/A	N/A	23	0
62	./TR-PTAs-UPLC-0105.pklbin	*..*	 	 	72	-1	0	-1	1	0.664806	-1	0	0	0	A1B12-05	N/A	./TR-PTAs-UPLC-0105.pklbin62	-1	TC-ISDB-o.mgf	0.201091	N/A	N/A	N/A	21	0
62	./TR-PTAs-UPLC-0105.pklbin	*..*	 	 	50	-1	0	-1	1	0.640302	-1	0	0	0	A1B8-02	N/A	./TR-PTAs-UPLC-0105.pklbin62	-1	TC-ISDB-o.mgf	0.201091	N/A	N/A	N/A	23	0
62	./TR-PTAs-UPLC-0105.pklbin	*..*	 	 	95	-1	0	-1	1	0.627595	-1	0	0	0	A1B17-04	N/A	./TR-PTAs-UPLC-0105.pklbin62	-1	TC-ISDB-o.mgf	0.201091	N/A	N/A	N/A	32	0
62	./TR-PTAs-UPLC-0105.pklbin	*..*	 	 	117	-1	0	-1	1	0.610325	-1	0	0	0	A1B22-03	N/A	./TR-PTAs-UPLC-0105.pklbin62	-1	TC-ISDB-o.mgf	0.201091	N/A	N/A	N/A	27	0
1816	./TR-PTAs-UPLC-0105.pklbin	*..*	 	 	559	-1	0	-1	1	0.691471	-1	0	0	0	A4B12-02	N/A	./TR-PTAs-UPLC-0105.pklbin1816	-1	TC-ISDB-o.mgf	6.43184	N/A	N/A	N/A	18	0
1816	./TR-PTAs-UPLC-0105.pklbin	*..*	 	 	560	-1	0	-1	1	0.601948	-1	0	0	0	A4B12-03	N/A	./TR-PTAs-UPLC-0105.pklbin1816	-1	TC-ISDB-o.mgf	6.43184	N/A	N/A	N/A	18	0
1816	./TR-PTAs-UPLC-0105.pklbin	*..*	 	 	591	-1	0	-1	1	0.598175	-1	0	0	0	A4B19-02	N/A	./TR-PTAs-UPLC-0105.pklbin1816	-1	TC-ISDB-o.mgf	6.43184	N/A	N/A	N/A	23	0
1816	./TR-PTAs-UPLC-0105.pklbin	*..*	 	 	544	-1	0	-1	1	0.587172	-1	0	0	0	A4B9-02	N/A	./TR-PTAs-UPLC-0105.pklbin1816	-1	TC-ISDB-o.mgf	6.43184	N/A	N/A	N/A	15	0
1816	./TR-PTAs-UPLC-0105.pklbin	*..*	 	 	584	-1	0	-1	1	0.576806	-1	0	0	0	A4B17-04	N/A	./TR-PTAs-UPLC-0105.pklbin1816	-1	TC-ISDB-o.mgf	6.43184	N/A	N/A	N/A	9	0
1	./TR-PTAs-UPLC-0105.pklbin	*..*	 	 	193	-1	0	-1	1	0.533227	-1	0	0	0	A2B3-01	N/A	./TR-PTAs-UPLC-0105.pklbin1	-1	TC-ISDB-o.mgf	0.315221	N/A	N/A	N/A	30	0
1	./TR-PTAs-UPLC-0105.pklbin	*..*	 	 	183	-1	0	-1	1	0.508104	-1	0	0	0	A2B1-01	N/A	./TR-PTAs-UPLC-0105.pklbin1	-1	TC-ISDB-o.mgf	0.315221	N/A	N/A	N/A	26	0
2	./TR-PTAs-UPLC-0105.pklbin	*..*	 	 	193	-1	0	-1	1	0.607902	-1	0	0	0	A2B3-01	N/A	./TR-PTAs-UPLC-0105.pklbin2	-1	TC-ISDB-o.mgf	0	N/A	N/A	N/A	38	0
2	./TR-PTAs-UPLC-0105.pklbin	*..*	 	 	183	-1	0	-1	1	0.570035	-1	0	0	0	A2B1-01	N/A	./TR-PTAs-UPLC-0105.pklbin2	-1	TC-ISDB-o.mgf	0	N/A	N/A	N/A	32	0
2	./TR-PTAs-UPLC-0105.pklbin	*..*	 	 	188	-1	0	-1	1	0.559721	-1	0	0	0	A2B2-01	N/A	./TR-PTAs-UPLC-0105.pklbin2	-1	TC-ISDB-o.mgf	0	N/A	N/A	N/A	39	0
2	./TR-PTAs-UPLC-0105.pklbin	*..*	 	 	191	-1	0	-1	1	0.535792	-1	0	0	0	A2B2-04	N/A	./TR-PTAs-UPLC-0105.pklbin2	-1	TC-ISDB-o.mgf	0	N/A	N/A	N/A	37	0
2	./TR-PTAs-UPLC-0105.pklbin	*..*	 	 	197	-1	0	-1	1	0.517837	-1	0	0	0	A2B3-05	N/A	./TR-PTAs-UPLC-0105.pklbin2	-1	TC-ISDB-o.mgf	0	N/A	N/A	N/A	31	0
3	./TR-PTAs-UPLC-0105.pklbin	*..*	 	 	65	-1	0	-1	1	0.550945	-1	0	0	0	A1B11-02	N/A	./TR-PTAs-UPLC-0105.pklbin3	-1	TC-ISDB-o.mgf	0.734085	N/A	N/A	N/A	37	0
3	./TR-PTAs-UPLC-0105.pklbin	*..*	 	 	91	-1	0	-1	1	0.505171	-1	0	0	0	A1B16-05	N/A	./TR-PTAs-UPLC-0105.pklbin3	-1	TC-ISDB-o.mgf	0.734085	N/A	N/A	N/A	29	0
5	./TR-PTAs-UPLC-0105.pklbin	*..*	 	 	380	-1	0	-1	1	0.579077	-1	0	0	0	A3B8-03	N/A	./TR-PTAs-UPLC-0105.pklbin5	-1	TC-ISDB-o.mgf	0.622384	N/A	N/A	N/A	27	0
5	./TR-PTAs-UPLC-0105.pklbin	*..*	 	 	465	-1	0	-1	1	0.567369	-1	0	0	0	A3B26-01	N/A	./TR-PTAs-UPLC-0105.pklbin5	-1	TC-ISDB-o.mgf	0.622384	N/A	N/A	N/A	28	0
5	./TR-PTAs-UPLC-0105.pklbin	*..*	 	 	238	-1	0	-1	1	0.54857	-1	0	0	0	A2B12-03	N/A	./TR-PTAs-UPLC-0105.pklbin5	-1	TC-ISDB-o.mgf	0.622384	N/A	N/A	N/A	28	0
5	./TR-PTAs-UPLC-0105.pklbin	*..*	 	 	381	-1	0	-1	1	0.54413	-1	0	0	0	A3B8-04	N/A	./TR-PTAs-UPLC-0105.pklbin5	-1	TC-ISDB-o.mgf	0.622384	N/A	N/A	N/A	30	0
5	./TR-PTAs-UPLC-0105.pklbin	*..*	 	 	425	-1	0	-1	1	0.54204	-1	0	0	0	A3B17-05	N/A	./TR-PTAs-UPLC-0105.pklbin5	-1	TC-ISDB-o.mgf	0.622384	N/A	N/A	N/A	27	0
81	./TR-PTAs-UPLC-0105.pklbin	*..*	 	 	363	-1	0	-1	1	0.514908	-1	0	0	0	A3B5-01	N/A	./TR-PTAs-UPLC-0105.pklbin81	-1	TC-ISDB-o.mgf	0	N/A	N/A	N/A	38	0
1662	./TR-PTAs-UPLC-0105.pklbin	*..*	 	 	134	-1	0	-1	1	0.637054	-1	0	0	0	A1B25-05	N/A	./TR-PTAs-UPLC-0105.pklbin1662	-1	TC-ISDB-o.mgf	1.00993	N/A	N/A	N/A	31	0
1662	./TR-PTAs-UPLC-0105.pklbin	*..*	 	 	133	-1	0	-1	1	0.613436	-1	0	0	0	A1B25-04	N/A	./TR-PTAs-UPLC-0105.pklbin1662	-1	TC-ISDB-o.mgf	1.00993	N/A	N/A	N/A	30	0
1662	./TR-PTAs-UPLC-0105.pklbin	*..*	 	 	132	-1	0	-1	1	0.546206	-1	0	0	0	A1B25-03	N/A	./TR-PTAs-UPLC-0105.pklbin1662	-1	TC-ISDB-o.mgf	1.00993	N/A	N/A	N/A	37	0
1665	./TR-PTAs-UPLC-0105.pklbin	*..*	 	 	25	-1	0	-1	1	0.662906	-1	0	0	0	A1B3-01	N/A	./TR-PTAs-UPLC-0105.pklbin1665	-1	TC-ISDB-o.mgf	3.07369	N/A	N/A	N/A	28	0
1665	./TR-PTAs-UPLC-0105.pklbin	*..*	 	 	16	-1	0	-1	1	0.626558	-1	0	0	0	A1B1-01	N/A	./TR-PTAs-UPLC-0105.pklbin1665	-1	TC-ISDB-o.mgf	3.07369	N/A	N/A	N/A	27	0
1665	./TR-PTAs-UPLC-0105.pklbin	*..*	 	 	26	-1	0	-1	1	0.593148	-1	0	0	0	A1B3-02	N/A	./TR-PTAs-UPLC-0105.pklbin1665	-1	TC-ISDB-o.mgf	3.07369	N/A	N/A	N/A	32	0
1665	./TR-PTAs-UPLC-0105.pklbin	*..*	 	 	17	-1	0	-1	1	0.590637	-1	0	0	0	A1B1-02	N/A	./TR-PTAs-UPLC-0105.pklbin1665	-1	TC-ISDB-o.mgf	3.07369	N/A	N/A	N/A	27	0
1665	./TR-PTAs-UPLC-0105.pklbin	*..*	 	 	20	-1	0	-1	1	0.534609	-1	0	0	0	A1B2-01	N/A	./TR-PTAs-UPLC-0105.pklbin1665	-1	TC-ISDB-o.mgf	3.07369	N/A	N/A	N/A	30	0
91	./TR-PTAs-UPLC-0105.pklbin	*..*	 	 	65	-1	0	-1	1	0.609465	-1	0	0	0	A1B11-02	N/A	./TR-PTAs-UPLC-0105.pklbin91	-1	TC-ISDB-o.mgf	0.734085	N/A	N/A	N/A	43	0
91	./TR-PTAs-UPLC-0105.pklbin	*..*	 	 	115	-1	0	-1	1	0.580642	-1	0	0	0	A1B22-01	N/A	./TR-PTAs-UPLC-0105.pklbin91	-1	TC-ISDB-o.mgf	0.734085	N/A	N/A	N/A	40	0
91	./TR-PTAs-UPLC-0105.pklbin	*..*	 	 	49	-1	0	-1	1	0.552942	-1	0	0	0	A1B8-01	N/A	./TR-PTAs-UPLC-0105.pklbin91	-1	TC-ISDB-o.mgf	0.734085	N/A	N/A	N/A	37	0
91	./TR-PTAs-UPLC-0105.pklbin	*..*	 	 	144	-1	0	-1	1	0.547059	-1	0	0	0	A1B27-05	N/A	./TR-PTAs-UPLC-0105.pklbin91	-1	TC-ISDB-o.mgf	0.734085	N/A	N/A	N/A	42	0
91	./TR-PTAs-UPLC-0105.pklbin	*..*	 	 	79	-1	0	-1	1	0.536049	-1	0	0	0	A1B14-03	N/A	./TR-PTAs-UPLC-0105.pklbin91	-1	TC-ISDB-o.mgf	0.734085	N/A	N/A	N/A	33	0
293	./TR-PTAs-UPLC-0105.pklbin	*..*	 	 	352	-1	0	-1	1	0.511264	-1	0	0	0	A3B2-02/03	N/A	./TR-PTAs-UPLC-0105.pklbin293	-1	TC-ISDB-o.mgf	0.328834	N/A	N/A	N/A	39	0
93	./TR-PTAs-UPLC-0105.pklbin	*..*	 	 	155	-1	0	-1	1	0.591818	-1	0	0	0	A1B30-01	N/A	./TR-PTAs-UPLC-0105.pklbin93	-1	TC-ISDB-o.mgf	0.841821	N/A	N/A	N/A	38	0
93	./TR-PTAs-UPLC-0105.pklbin	*..*	 	 	156	-1	0	-1	1	0.509673	-1	0	0	0	A1B30-02	N/A	./TR-PTAs-UPLC-0105.pklbin93	-1	TC-ISDB-o.mgf	0.841821	N/A	N/A	N/A	30	0
6	./TR-PTAs-UPLC-0105.pklbin	*..*	 	 	380	-1	0	-1	1	0.579077	-1	0	0	0	A3B8-03	N/A	./TR-PTAs-UPLC-0105.pklbin6	-1	TC-ISDB-o.mgf	0.622384	N/A	N/A	N/A	27	0
6	./TR-PTAs-UPLC-0105.pklbin	*..*	 	 	465	-1	0	-1	1	0.567369	-1	0	0	0	A3B26-01	N/A	./TR-PTAs-UPLC-0105.pklbin6	-1	TC-ISDB-o.mgf	0.622384	N/A	N/A	N/A	28	0
6	./TR-PTAs-UPLC-0105.pklbin	*..*	 	 	238	-1	0	-1	1	0.54857	-1	0	0	0	A2B12-03	N/A	./TR-PTAs-UPLC-0105.pklbin6	-1	TC-ISDB-o.mgf	0.622384	N/A	N/A	N/A	28	0
6	./TR-PTAs-UPLC-0105.pklbin	*..*	 	 	381	-1	0	-1	1	0.54413	-1	0	0	0	A3B8-04	N/A	./TR-PTAs-UPLC-0105.pklbin6	-1	TC-ISDB-o.mgf	0.622384	N/A	N/A	N/A	30	0
6	./TR-PTAs-UPLC-0105.pklbin	*..*	 	 	425	-1	0	-1	1	0.54204	-1	0	0	0	A3B17-05	N/A	./TR-PTAs-UPLC-0105.pklbin6	-1	TC-ISDB-o.mgf	0.622384	N/A	N/A	N/A	27	0
12	./TR-PTAs-UPLC-0105.pklbin	*..*	 	 	220	-1	0	-1	1	0.581651	-1	0	0	0	A2B8-04	N/A	./TR-PTAs-UPLC-0105.pklbin12	-1	TC-ISDB-o.mgf	0.201075	N/A	N/A	N/A	30	0
12	./TR-PTAs-UPLC-0105.pklbin	*..*	 	 	304	-1	0	-1	1	0.578628	-1	0	0	0	A2B26-01	N/A	./TR-PTAs-UPLC-0105.pklbin12	-1	TC-ISDB-o.mgf	0.201075	N/A	N/A	N/A	33	0
12	./TR-PTAs-UPLC-0105.pklbin	*..*	 	 	247	-1	0	-1	1	0.576144	-1	0	0	0	A2B14-03	N/A	./TR-PTAs-UPLC-0105.pklbin12	-1	TC-ISDB-o.mgf	0.201075	N/A	N/A	N/A	34	0
12	./TR-PTAs-UPLC-0105.pklbin	*..*	 	 	222	-1	0	-1	1	0.561781	-1	0	0	0	A2B9-01	N/A	./TR-PTAs-UPLC-0105.pklbin12	-1	TC-ISDB-o.mgf	0.201075	N/A	N/A	N/A	27	0
12	./TR-PTAs-UPLC-0105.pklbin	*..*	 	 	249	-1	0	-1	1	0.548489	-1	0	0	0	A2B14-05	N/A	./TR-PTAs-UPLC-0105.pklbin12	-1	TC-ISDB-o.mgf	0.201075	N/A	N/A	N/A	30	0
13	./TR-PTAs-UPLC-0105.pklbin	*..*	 	 	380	-1	0	-1	1	0.583983	-1	0	0	0	A3B8-03	N/A	./TR-PTAs-UPLC-0105.pklbin13	-1	TC-ISDB-o.mgf	1.10646	N/A	N/A	N/A	27	0
13	./TR-PTAs-UPLC-0105.pklbin	*..*	 	 	465	-1	0	-1	1	0.578838	-1	0	0	0	A3B26-01	N/A	./TR-PTAs-UPLC-0105.pklbin13	-1	TC-ISDB-o.mgf	1.10646	N/A	N/A	N/A	29	0
13	./TR-PTAs-UPLC-0105.pklbin	*..*	 	 	238	-1	0	-1	1	0.55497	-1	0	0	0	A2B12-03	N/A	./TR-PTAs-UPLC-0105.pklbin13	-1	TC-ISDB-o.mgf	1.10646	N/A	N/A	N/A	28	0
13	./TR-PTAs-UPLC-0105.pklbin	*..*	 	 	416	-1	0	-1	1	0.531054	-1	0	0	0	A3B16-01	N/A	./TR-PTAs-UPLC-0105.pklbin13	-1	TC-ISDB-o.mgf	1.10646	N/A	N/A	N/A	26	0
13	./TR-PTAs-UPLC-0105.pklbin	*..*	 	 	456	-1	0	-1	1	0.528974	-1	0	0	0	A3B24-02	N/A	./TR-PTAs-UPLC-0105.pklbin13	-1	TC-ISDB-o.mgf	1.10646	N/A	N/A	N/A	26	0
14	./TR-PTAs-UPLC-0105.pklbin	*..*	 	 	380	-1	0	-1	1	0.583465	-1	0	0	0	A3B8-03	N/A	./TR-PTAs-UPLC-0105.pklbin14	-1	TC-ISDB-o.mgf	0.829846	N/A	N/A	N/A	27	0
14	./TR-PTAs-UPLC-0105.pklbin	*..*	 	 	465	-1	0	-1	1	0.581111	-1	0	0	0	A3B26-01	N/A	./TR-PTAs-UPLC-0105.pklbin14	-1	TC-ISDB-o.mgf	0.829846	N/A	N/A	N/A	30	0
14	./TR-PTAs-UPLC-0105.pklbin	*..*	 	 	456	-1	0	-1	1	0.545712	-1	0	0	0	A3B24-02	N/A	./TR-PTAs-UPLC-0105.pklbin14	-1	TC-ISDB-o.mgf	0.829846	N/A	N/A	N/A	27	0
14	./TR-PTAs-UPLC-0105.pklbin	*..*	 	 	238	-1	0	-1	1	0.542598	-1	0	0	0	A2B12-03	N/A	./TR-PTAs-UPLC-0105.pklbin14	-1	TC-ISDB-o.mgf	0.829846	N/A	N/A	N/A	30	0
14	./TR-PTAs-UPLC-0105.pklbin	*..*	 	 	416	-1	0	-1	1	0.541896	-1	0	0	0	A3B16-01	N/A	./TR-PTAs-UPLC-0105.pklbin14	-1	TC-ISDB-o.mgf	0.829846	N/A	N/A	N/A	30	0
15	./TR-PTAs-UPLC-0105.pklbin	*..*	 	 	465	-1	0	-1	1	0.582827	-1	0	0	0	A3B26-01	N/A	./TR-PTAs-UPLC-0105.pklbin15	-1	TC-ISDB-o.mgf	0.622384	N/A	N/A	N/A	30	0
15	./TR-PTAs-UPLC-0105.pklbin	*..*	 	 	380	-1	0	-1	1	0.568612	-1	0	0	0	A3B8-03	N/A	./TR-PTAs-UPLC-0105.pklbin15	-1	TC-ISDB-o.mgf	0.622384	N/A	N/A	N/A	26	0
15	./TR-PTAs-UPLC-0105.pklbin	*..*	 	 	416	-1	0	-1	1	0.555915	-1	0	0	0	A3B16-01	N/A	./TR-PTAs-UPLC-0105.pklbin15	-1	TC-ISDB-o.mgf	0.622384	N/A	N/A	N/A	30	0
15	./TR-PTAs-UPLC-0105.pklbin	*..*	 	 	451	-1	0	-1	1	0.531546	-1	0	0	0	A3B23-02	N/A	./TR-PTAs-UPLC-0105.pklbin15	-1	TC-ISDB-o.mgf	0.622384	N/A	N/A	N/A	28	0
15	./TR-PTAs-UPLC-0105.pklbin	*..*	 	 	456	-1	0	-1	1	0.531187	-1	0	0	0	A3B24-02	N/A	./TR-PTAs-UPLC-0105.pklbin15	-1	TC-ISDB-o.mgf	0.622384	N/A	N/A	N/A	29	0
18	./TR-PTAs-UPLC-0105.pklbin	*..*	 	 	220	-1	0	-1	1	0.584833	-1	0	0	0	A2B8-04	N/A	./TR-PTAs-UPLC-0105.pklbin18	-1	TC-ISDB-o.mgf	0.402151	N/A	N/A	N/A	29	0
18	./TR-PTAs-UPLC-0105.pklbin	*..*	 	 	222	-1	0	-1	1	0.577133	-1	0	0	0	A2B9-01	N/A	./TR-PTAs-UPLC-0105.pklbin18	-1	TC-ISDB-o.mgf	0.402151	N/A	N/A	N/A	28	0
18	./TR-PTAs-UPLC-0105.pklbin	*..*	 	 	304	-1	0	-1	1	0.577005	-1	0	0	0	A2B26-01	N/A	./TR-PTAs-UPLC-0105.pklbin18	-1	TC-ISDB-o.mgf	0.402151	N/A	N/A	N/A	31	0
18	./TR-PTAs-UPLC-0105.pklbin	*..*	 	 	247	-1	0	-1	1	0.569833	-1	0	0	0	A2B14-03	N/A	./TR-PTAs-UPLC-0105.pklbin18	-1	TC-ISDB-o.mgf	0.402151	N/A	N/A	N/A	32	0
18	./TR-PTAs-UPLC-0105.pklbin	*..*	 	 	249	-1	0	-1	1	0.566721	-1	0	0	0	A2B14-05	N/A	./TR-PTAs-UPLC-0105.pklbin18	-1	TC-ISDB-o.mgf	0.402151	N/A	N/A	N/A	29	0
736	./TR-PTAs-UPLC-0105.pklbin	*..*	 	 	119	-1	0	-1	1	0.563268	-1	0	0	0	A1B22-05	N/A	./TR-PTAs-UPLC-0105.pklbin736	-1	TC-ISDB-o.mgf	0.670305	N/A	N/A	N/A	28	0
736	./TR-PTAs-UPLC-0105.pklbin	*..*	 	 	118	-1	0	-1	1	0.560839	-1	0	0	0	A1B22-04	N/A	./TR-PTAs-UPLC-0105.pklbin736	-1	TC-ISDB-o.mgf	0.670305	N/A	N/A	N/A	28	0
736	./TR-PTAs-UPLC-0105.pklbin	*..*	 	 	135	-1	0	-1	1	0.552503	-1	0	0	0	A1B26-01	N/A	./TR-PTAs-UPLC-0105.pklbin736	-1	TC-ISDB-o.mgf	0.670305	N/A	N/A	N/A	23	0
736	./TR-PTAs-UPLC-0105.pklbin	*..*	 	 	95	-1	0	-1	1	0.549989	-1	0	0	0	A1B17-04	N/A	./TR-PTAs-UPLC-0105.pklbin736	-1	TC-ISDB-o.mgf	0.670305	N/A	N/A	N/A	28	0
736	./TR-PTAs-UPLC-0105.pklbin	*..*	 	 	124	-1	0	-1	1	0.536821	-1	0	0	0	A1B23-05	N/A	./TR-PTAs-UPLC-0105.pklbin736	-1	TC-ISDB-o.mgf	0.670305	N/A	N/A	N/A	29	0
19	./TR-PTAs-UPLC-0105.pklbin	*..*	 	 	380	-1	0	-1	1	0.597996	-1	0	0	0	A3B8-03	N/A	./TR-PTAs-UPLC-0105.pklbin19	-1	TC-ISDB-o.mgf	0.622384	N/A	N/A	N/A	26	0
19	./TR-PTAs-UPLC-0105.pklbin	*..*	 	 	465	-1	0	-1	1	0.590131	-1	0	0	0	A3B26-01	N/A	./TR-PTAs-UPLC-0105.pklbin19	-1	TC-ISDB-o.mgf	0.622384	N/A	N/A	N/A	28	0
19	./TR-PTAs-UPLC-0105.pklbin	*..*	 	 	416	-1	0	-1	1	0.563393	-1	0	0	0	A3B16-01	N/A	./TR-PTAs-UPLC-0105.pklbin19	-1	TC-ISDB-o.mgf	0.622384	N/A	N/A	N/A	30	0
19	./TR-PTAs-UPLC-0105.pklbin	*..*	 	 	456	-1	0	-1	1	0.549655	-1	0	0	0	A3B24-02	N/A	./TR-PTAs-UPLC-0105.pklbin19	-1	TC-ISDB-o.mgf	0.622384	N/A	N/A	N/A	26	0
19	./TR-PTAs-UPLC-0105.pklbin	*..*	 	 	425	-1	0	-1	1	0.546385	-1	0	0	0	A3B17-05	N/A	./TR-PTAs-UPLC-0105.pklbin19	-1	TC-ISDB-o.mgf	0.622384	N/A	N/A	N/A	26	0
20	./TR-PTAs-UPLC-0105.pklbin	*..*	 	 	380	-1	0	-1	1	0.597996	-1	0	0	0	A3B8-03	N/A	./TR-PTAs-UPLC-0105.pklbin20	-1	TC-ISDB-o.mgf	0.622384	N/A	N/A	N/A	26	0
20	./TR-PTAs-UPLC-0105.pklbin	*..*	 	 	465	-1	0	-1	1	0.590131	-1	0	0	0	A3B26-01	N/A	./TR-PTAs-UPLC-0105.pklbin20	-1	TC-ISDB-o.mgf	0.622384	N/A	N/A	N/A	28	0
20	./TR-PTAs-UPLC-0105.pklbin	*..*	 	 	416	-1	0	-1	1	0.563393	-1	0	0	0	A3B16-01	N/A	./TR-PTAs-UPLC-0105.pklbin20	-1	TC-ISDB-o.mgf	0.622384	N/A	N/A	N/A	30	0
20	./TR-PTAs-UPLC-0105.pklbin	*..*	 	 	456	-1	0	-1	1	0.549655	-1	0	0	0	A3B24-02	N/A	./TR-PTAs-UPLC-0105.pklbin20	-1	TC-ISDB-o.mgf	0.622384	N/A	N/A	N/A	26	0
20	./TR-PTAs-UPLC-0105.pklbin	*..*	 	 	425	-1	0	-1	1	0.546385	-1	0	0	0	A3B17-05	N/A	./TR-PTAs-UPLC-0105.pklbin20	-1	TC-ISDB-o.mgf	0.622384	N/A	N/A	N/A	26	0
804	./TR-PTAs-UPLC-0105.pklbin	*..*	 	 	95	-1	0	-1	1	0.688168	-1	0	0	0	A1B17-04	N/A	./TR-PTAs-UPLC-0105.pklbin804	-1	TC-ISDB-o.mgf	3.9548	N/A	N/A	N/A	35	0
804	./TR-PTAs-UPLC-0105.pklbin	*..*	 	 	70	-1	0	-1	1	0.668675	-1	0	0	0	A1B12-03	N/A	./TR-PTAs-UPLC-0105.pklbin804	-1	TC-ISDB-o.mgf	3.9548	N/A	N/A	N/A	27	0
804	./TR-PTAs-UPLC-0105.pklbin	*..*	 	 	50	-1	0	-1	1	0.624536	-1	0	0	0	A1B8-02	N/A	./TR-PTAs-UPLC-0105.pklbin804	-1	TC-ISDB-o.mgf	3.9548	N/A	N/A	N/A	24	0
804	./TR-PTAs-UPLC-0105.pklbin	*..*	 	 	119	-1	0	-1	1	0.622232	-1	0	0	0	A1B22-05	N/A	./TR-PTAs-UPLC-0105.pklbin804	-1	TC-ISDB-o.mgf	3.9548	N/A	N/A	N/A	36	0
804	./TR-PTAs-UPLC-0105.pklbin	*..*	 	 	101	-1	0	-1	1	0.622225	-1	0	0	0	A1B19-01	N/A	./TR-PTAs-UPLC-0105.pklbin804	-1	TC-ISDB-o.mgf	3.9548	N/A	N/A	N/A	33	0
22	./TR-PTAs-UPLC-0105.pklbin	*..*	 	 	261	-1	0	-1	1	0.600778	-1	0	0	0	A2B17-03	N/A	./TR-PTAs-UPLC-0105.pklbin22	-1	TC-ISDB-o.mgf	0.670251	N/A	N/A	N/A	28	0
22	./TR-PTAs-UPLC-0105.pklbin	*..*	 	 	222	-1	0	-1	1	0.583015	-1	0	0	0	A2B9-01	N/A	./TR-PTAs-UPLC-0105.pklbin22	-1	TC-ISDB-o.mgf	0.670251	N/A	N/A	N/A	30	0
22	./TR-PTAs-UPLC-0105.pklbin	*..*	 	 	304	-1	0	-1	1	0.572937	-1	0	0	0	A2B26-01	N/A	./TR-PTAs-UPLC-0105.pklbin22	-1	TC-ISDB-o.mgf	0.670251	N/A	N/A	N/A	35	0
22	./TR-PTAs-UPLC-0105.pklbin	*..*	 	 	255	-1	0	-1	1	0.568517	-1	0	0	0	A2B16-02	N/A	./TR-PTAs-UPLC-0105.pklbin22	-1	TC-ISDB-o.mgf	0.670251	N/A	N/A	N/A	36	0
22	./TR-PTAs-UPLC-0105.pklbin	*..*	 	 	290	-1	0	-1	1	0.566747	-1	0	0	0	A2B23-02	N/A	./TR-PTAs-UPLC-0105.pklbin22	-1	TC-ISDB-o.mgf	0.670251	N/A	N/A	N/A	37	0
24	./TR-PTAs-UPLC-0105.pklbin	*..*	 	 	324	-1	0	-1	1	0.526491	-1	0	0	0	A2B30-01	N/A	./TR-PTAs-UPLC-0105.pklbin24	-1	TC-ISDB-o.mgf	0.259002	N/A	N/A	N/A	42	0
106	./TR-PTAs-UPLC-0105.pklbin	*..*	 	 	193	-1	0	-1	1	0.609348	-1	0	0	0	A2B3-01	N/A	./TR-PTAs-UPLC-0105.pklbin106	-1	TC-ISDB-o.mgf	0.236416	N/A	N/A	N/A	36	0
106	./TR-PTAs-UPLC-0105.pklbin	*..*	 	 	183	-1	0	-1	1	0.580342	-1	0	0	0	A2B1-01	N/A	./TR-PTAs-UPLC-0105.pklbin106	-1	TC-ISDB-o.mgf	0.236416	N/A	N/A	N/A	30	0
106	./TR-PTAs-UPLC-0105.pklbin	*..*	 	 	188	-1	0	-1	1	0.549333	-1	0	0	0	A2B2-01	N/A	./TR-PTAs-UPLC-0105.pklbin106	-1	TC-ISDB-o.mgf	0.236416	N/A	N/A	N/A	36	0
106	./TR-PTAs-UPLC-0105.pklbin	*..*	 	 	197	-1	0	-1	1	0.529342	-1	0	0	0	A2B3-05	N/A	./TR-PTAs-UPLC-0105.pklbin106	-1	TC-ISDB-o.mgf	0.236416	N/A	N/A	N/A	32	0
106	./TR-PTAs-UPLC-0105.pklbin	*..*	 	 	191	-1	0	-1	1	0.524259	-1	0	0	0	A2B2-04	N/A	./TR-PTAs-UPLC-0105.pklbin106	-1	TC-ISDB-o.mgf	0.236416	N/A	N/A	N/A	35	0
107	./TR-PTAs-UPLC-0105.pklbin	*..*	 	 	193	-1	0	-1	1	0.56778	-1	0	0	0	A2B3-01	N/A	./TR-PTAs-UPLC-0105.pklbin107	-1	TC-ISDB-o.mgf	0	N/A	N/A	N/A	31	0
107	./TR-PTAs-UPLC-0105.pklbin	*..*	 	 	183	-1	0	-1	1	0.541447	-1	0	0	0	A2B1-01	N/A	./TR-PTAs-UPLC-0105.pklbin107	-1	TC-ISDB-o.mgf	0	N/A	N/A	N/A	29	0
107	./TR-PTAs-UPLC-0105.pklbin	*..*	 	 	188	-1	0	-1	1	0.517228	-1	0	0	0	A2B2-01	N/A	./TR-PTAs-UPLC-0105.pklbin107	-1	TC-ISDB-o.mgf	0	N/A	N/A	N/A	32	0
107	./TR-PTAs-UPLC-0105.pklbin	*..*	 	 	191	-1	0	-1	1	0.503694	-1	0	0	0	A2B2-04	N/A	./TR-PTAs-UPLC-0105.pklbin107	-1	TC-ISDB-o.mgf	0	N/A	N/A	N/A	30	0
107	./TR-PTAs-UPLC-0105.pklbin	*..*	 	 	197	-1	0	-1	1	0.501341	-1	0	0	0	A2B3-05	N/A	./TR-PTAs-UPLC-0105.pklbin107	-1	TC-ISDB-o.mgf	0	N/A	N/A	N/A	27	0
26	./TR-PTAs-UPLC-0105.pklbin	*..*	 	 	65	-1	0	-1	1	0.574918	-1	0	0	0	A1B11-02	N/A	./TR-PTAs-UPLC-0105.pklbin26	-1	TC-ISDB-o.mgf	0.53388	N/A	N/A	N/A	40	0
26	./TR-PTAs-UPLC-0105.pklbin	*..*	 	 	144	-1	0	-1	1	0.524808	-1	0	0	0	A1B27-05	N/A	./TR-PTAs-UPLC-0105.pklbin26	-1	TC-ISDB-o.mgf	0.53388	N/A	N/A	N/A	38	0
26	./TR-PTAs-UPLC-0105.pklbin	*..*	 	 	91	-1	0	-1	1	0.517619	-1	0	0	0	A1B16-05	N/A	./TR-PTAs-UPLC-0105.pklbin26	-1	TC-ISDB-o.mgf	0.53388	N/A	N/A	N/A	32	0
26	./TR-PTAs-UPLC-0105.pklbin	*..*	 	 	115	-1	0	-1	1	0.513403	-1	0	0	0	A1B22-01	N/A	./TR-PTAs-UPLC-0105.pklbin26	-1	TC-ISDB-o.mgf	0.53388	N/A	N/A	N/A	37	0
27	./TR-PTAs-UPLC-0105.pklbin	*..*	 	 	324	-1	0	-1	1	0.511598	-1	0	0	0	A2B30-01	N/A	./TR-PTAs-UPLC-0105.pklbin27	-1	TC-ISDB-o.mgf	0.259002	N/A	N/A	N/A	37	0
28	./TR-PTAs-UPLC-0105.pklbin	*..*	 	 	304	-1	0	-1	1	0.579747	-1	0	0	0	A2B26-01	N/A	./TR-PTAs-UPLC-0105.pklbin28	-1	TC-ISDB-o.mgf	0.201075	N/A	N/A	N/A	33	0
28	./TR-PTAs-UPLC-0105.pklbin	*..*	 	 	249	-1	0	-1	1	0.578377	-1	0	0	0	A2B14-05	N/A	./TR-PTAs-UPLC-0105.pklbin28	-1	TC-ISDB-o.mgf	0.201075	N/A	N/A	N/A	30	0
28	./TR-PTAs-UPLC-0105.pklbin	*..*	 	 	247	-1	0	-1	1	0.572682	-1	0	0	0	A2B14-03	N/A	./TR-PTAs-UPLC-0105.pklbin28	-1	TC-ISDB-o.mgf	0.201075	N/A	N/A	N/A	36	0
28	./TR-PTAs-UPLC-0105.pklbin	*..*	 	 	255	-1	0	-1	1	0.566011	-1	0	0	0	A2B16-02	N/A	./TR-PTAs-UPLC-0105.pklbin28	-1	TC-ISDB-o.mgf	0.201075	N/A	N/A	N/A	33	0
28	./TR-PTAs-UPLC-0105.pklbin	*..*	 	 	290	-1	0	-1	1	0.559978	-1	0	0	0	A2B23-02	N/A	./TR-PTAs-UPLC-0105.pklbin28	-1	TC-ISDB-o.mgf	0.201075	N/A	N/A	N/A	33	0
29	./TR-PTAs-UPLC-0105.pklbin	*..*	 	 	380	-1	0	-1	1	0.576192	-1	0	0	0	A3B8-03	N/A	./TR-PTAs-UPLC-0105.pklbin29	-1	TC-ISDB-o.mgf	0.829846	N/A	N/A	N/A	26	0
29	./TR-PTAs-UPLC-0105.pklbin	*..*	 	 	465	-1	0	-1	1	0.574816	-1	0	0	0	A3B26-01	N/A	./TR-PTAs-UPLC-0105.pklbin29	-1	TC-ISDB-o.mgf	0.829846	N/A	N/A	N/A	28	0
29	./TR-PTAs-UPLC-0105.pklbin	*..*	 	 	416	-1	0	-1	1	0.552224	-1	0	0	0	A3B16-01	N/A	./TR-PTAs-UPLC-0105.pklbin29	-1	TC-ISDB-o.mgf	0.829846	N/A	N/A	N/A	28	0
29	./TR-PTAs-UPLC-0105.pklbin	*..*	 	 	451	-1	0	-1	1	0.529069	-1	0	0	0	A3B23-02	N/A	./TR-PTAs-UPLC-0105.pklbin29	-1	TC-ISDB-o.mgf	0.829846	N/A	N/A	N/A	26	0
29	./TR-PTAs-UPLC-0105.pklbin	*..*	 	 	456	-1	0	-1	1	0.526696	-1	0	0	0	A3B24-02	N/A	./TR-PTAs-UPLC-0105.pklbin29	-1	TC-ISDB-o.mgf	0.829846	N/A	N/A	N/A	26	0
30	./TR-PTAs-UPLC-0105.pklbin	*..*	 	 	65	-1	0	-1	1	0.556421	-1	0	0	0	A1B11-02	N/A	./TR-PTAs-UPLC-0105.pklbin30	-1	TC-ISDB-o.mgf	0.53388	N/A	N/A	N/A	37	0
30	./TR-PTAs-UPLC-0105.pklbin	*..*	 	 	115	-1	0	-1	1	0.502232	-1	0	0	0	A1B22-01	N/A	./TR-PTAs-UPLC-0105.pklbin30	-1	TC-ISDB-o.mgf	0.53388	N/A	N/A	N/A	35	0
31	./TR-PTAs-UPLC-0105.pklbin	*..*	 	 	325	-1	0	-1	1	0.509947	-1	0	0	0	A2B30-02	N/A	./TR-PTAs-UPLC-0105.pklbin31	-1	TC-ISDB-o.mgf	0.582754	N/A	N/A	N/A	36	0
112	./TR-PTAs-UPLC-0105.pklbin	*..*	 	 	25	-1	0	-1	1	0.642832	-1	0	0	0	A1B3-01	N/A	./TR-PTAs-UPLC-0105.pklbin112	-1	TC-ISDB-o.mgf	10.0092	N/A	N/A	N/A	35	0
112	./TR-PTAs-UPLC-0105.pklbin	*..*	 	 	26	-1	0	-1	1	0.614407	-1	0	0	0	A1B3-02	N/A	./TR-PTAs-UPLC-0105.pklbin112	-1	TC-ISDB-o.mgf	10.0092	N/A	N/A	N/A	42	0
112	./TR-PTAs-UPLC-0105.pklbin	*..*	 	 	16	-1	0	-1	1	0.61149	-1	0	0	0	A1B1-01	N/A	./TR-PTAs-UPLC-0105.pklbin112	-1	TC-ISDB-o.mgf	10.0092	N/A	N/A	N/A	35	0
112	./TR-PTAs-UPLC-0105.pklbin	*..*	 	 	17	-1	0	-1	1	0.607661	-1	0	0	0	A1B1-02	N/A	./TR-PTAs-UPLC-0105.pklbin112	-1	TC-ISDB-o.mgf	10.0092	N/A	N/A	N/A	36	0
112	./TR-PTAs-UPLC-0105.pklbin	*..*	 	 	21	-1	0	-1	1	0.532584	-1	0	0	0	A1B2-02	N/A	./TR-PTAs-UPLC-0105.pklbin112	-1	TC-ISDB-o.mgf	10.0092	N/A	N/A	N/A	43	0
113	./TR-PTAs-UPLC-0105.pklbin	*..*	 	 	65	-1	0	-1	1	0.554882	-1	0	0	0	A1B11-02	N/A	./TR-PTAs-UPLC-0105.pklbin113	-1	TC-ISDB-o.mgf	0.734085	N/A	N/A	N/A	39	0
113	./TR-PTAs-UPLC-0105.pklbin	*..*	 	 	115	-1	0	-1	1	0.500797	-1	0	0	0	A1B22-01	N/A	./TR-PTAs-UPLC-0105.pklbin113	-1	TC-ISDB-o.mgf	0.734085	N/A	N/A	N/A	36	0
819	./TR-PTAs-UPLC-0105.pklbin	*..*	 	 	590	-1	0	-1	1	0.54092	-1	0	0	0	A4B19-01	N/A	./TR-PTAs-UPLC-0105.pklbin819	-1	TC-ISDB-o.mgf	0.41307	N/A	N/A	N/A	20	0
819	./TR-PTAs-UPLC-0105.pklbin	*..*	 	 	595	-1	0	-1	1	0.505625	-1	0	0	0	A4B20-01	N/A	./TR-PTAs-UPLC-0105.pklbin819	-1	TC-ISDB-o.mgf	0.41307	N/A	N/A	N/A	18	0
34	./TR-PTAs-UPLC-0105.pklbin	*..*	 	 	119	-1	0	-1	1	0.565071	-1	0	0	0	A1B22-05	N/A	./TR-PTAs-UPLC-0105.pklbin34	-1	TC-ISDB-o.mgf	1.07249	N/A	N/A	N/A	40	0
34	./TR-PTAs-UPLC-0105.pklbin	*..*	 	 	118	-1	0	-1	1	0.561113	-1	0	0	0	A1B22-04	N/A	./TR-PTAs-UPLC-0105.pklbin34	-1	TC-ISDB-o.mgf	1.07249	N/A	N/A	N/A	40	0
34	./TR-PTAs-UPLC-0105.pklbin	*..*	 	 	59	-1	0	-1	1	0.544096	-1	0	0	0	A1B10-01	N/A	./TR-PTAs-UPLC-0105.pklbin34	-1	TC-ISDB-o.mgf	1.07249	N/A	N/A	N/A	37	0
34	./TR-PTAs-UPLC-0105.pklbin	*..*	 	 	64	-1	0	-1	1	0.540901	-1	0	0	0	A1B11-01	N/A	./TR-PTAs-UPLC-0105.pklbin34	-1	TC-ISDB-o.mgf	1.07249	N/A	N/A	N/A	33	0
34	./TR-PTAs-UPLC-0105.pklbin	*..*	 	 	95	-1	0	-1	1	0.530805	-1	0	0	0	A1B17-04	N/A	./TR-PTAs-UPLC-0105.pklbin34	-1	TC-ISDB-o.mgf	1.07249	N/A	N/A	N/A	34	0
116	./TR-PTAs-UPLC-0105.pklbin	*..*	 	 	65	-1	0	-1	1	0.557366	-1	0	0	0	A1B11-02	N/A	./TR-PTAs-UPLC-0105.pklbin116	-1	TC-ISDB-o.mgf	0.333675	N/A	N/A	N/A	43	0
116	./TR-PTAs-UPLC-0105.pklbin	*..*	 	 	115	-1	0	-1	1	0.510235	-1	0	0	0	A1B22-01	N/A	./TR-PTAs-UPLC-0105.pklbin116	-1	TC-ISDB-o.mgf	0.333675	N/A	N/A	N/A	42	0
39	./TR-PTAs-UPLC-0105.pklbin	*..*	 	 	380	-1	0	-1	1	0.602306	-1	0	0	0	A3B8-03	N/A	./TR-PTAs-UPLC-0105.pklbin39	-1	TC-ISDB-o.mgf	0.414923	N/A	N/A	N/A	30	0
39	./TR-PTAs-UPLC-0105.pklbin	*..*	 	 	465	-1	0	-1	1	0.58706	-1	0	0	0	A3B26-01	N/A	./TR-PTAs-UPLC-0105.pklbin39	-1	TC-ISDB-o.mgf	0.414923	N/A	N/A	N/A	29	0
39	./TR-PTAs-UPLC-0105.pklbin	*..*	 	 	416	-1	0	-1	1	0.584306	-1	0	0	0	A3B16-01	N/A	./TR-PTAs-UPLC-0105.pklbin39	-1	TC-ISDB-o.mgf	0.414923	N/A	N/A	N/A	29	0
39	./TR-PTAs-UPLC-0105.pklbin	*..*	 	 	397	-1	0	-1	1	0.563587	-1	0	0	0	A3B12-02	N/A	./TR-PTAs-UPLC-0105.pklbin39	-1	TC-ISDB-o.mgf	0.414923	N/A	N/A	N/A	27	0
39	./TR-PTAs-UPLC-0105.pklbin	*..*	 	 	451	-1	0	-1	1	0.555931	-1	0	0	0	A3B23-02	N/A	./TR-PTAs-UPLC-0105.pklbin39	-1	TC-ISDB-o.mgf	0.414923	N/A	N/A	N/A	28	0
41	./TR-PTAs-UPLC-0105.pklbin	*..*	 	 	65	-1	0	-1	1	0.571726	-1	0	0	0	A1B11-02	N/A	./TR-PTAs-UPLC-0105.pklbin41	-1	TC-ISDB-o.mgf	0.53388	N/A	N/A	N/A	38	0
41	./TR-PTAs-UPLC-0105.pklbin	*..*	 	 	115	-1	0	-1	1	0.515176	-1	0	0	0	A1B22-01	N/A	./TR-PTAs-UPLC-0105.pklbin41	-1	TC-ISDB-o.mgf	0.53388	N/A	N/A	N/A	35	0
757	./TR-PTAs-UPLC-0105.pklbin	*..*	 	 	70	-1	0	-1	1	0.712316	-1	0	0	0	A1B12-03	N/A	./TR-PTAs-UPLC-0105.pklbin757	-1	TC-ISDB-o.mgf	1.74279	N/A	N/A	N/A	28	0
757	./TR-PTAs-UPLC-0105.pklbin	*..*	 	 	95	-1	0	-1	1	0.668529	-1	0	0	0	A1B17-04	N/A	./TR-PTAs-UPLC-0105.pklbin757	-1	TC-ISDB-o.mgf	1.74279	N/A	N/A	N/A	35	0
757	./TR-PTAs-UPLC-0105.pklbin	*..*	 	 	50	-1	0	-1	1	0.653373	-1	0	0	0	A1B8-02	N/A	./TR-PTAs-UPLC-0105.pklbin757	-1	TC-ISDB-o.mgf	1.74279	N/A	N/A	N/A	27	0
757	./TR-PTAs-UPLC-0105.pklbin	*..*	 	 	102	-1	0	-1	1	0.631101	-1	0	0	0	A1B19-02	N/A	./TR-PTAs-UPLC-0105.pklbin757	-1	TC-ISDB-o.mgf	1.74279	N/A	N/A	N/A	26	0
757	./TR-PTAs-UPLC-0105.pklbin	*..*	 	 	101	-1	0	-1	1	0.616749	-1	0	0	0	A1B19-01	N/A	./TR-PTAs-UPLC-0105.pklbin757	-1	TC-ISDB-o.mgf	1.74279	N/A	N/A	N/A	34	0
42	./TR-PTAs-UPLC-0105.pklbin	*..*	 	 	354	-1	0	-1	1	0.511713	-1	0	0	0	A3B3-01	N/A	./TR-PTAs-UPLC-0105.pklbin42	-1	TC-ISDB-o.mgf	0.408823	N/A	N/A	N/A	32	0
43	./TR-PTAs-UPLC-0105.pklbin	*..*	 	 	354	-1	0	-1	1	0.511713	-1	0	0	0	A3B3-01	N/A	./TR-PTAs-UPLC-0105.pklbin43	-1	TC-ISDB-o.mgf	0.408823	N/A	N/A	N/A	32	0
45	./TR-PTAs-UPLC-0105.pklbin	*..*	 	 	465	-1	0	-1	1	0.582909	-1	0	0	0	A3B26-01	N/A	./TR-PTAs-UPLC-0105.pklbin45	-1	TC-ISDB-o.mgf	0.622384	N/A	N/A	N/A	28	0
45	./TR-PTAs-UPLC-0105.pklbin	*..*	 	 	380	-1	0	-1	1	0.558279	-1	0	0	0	A3B8-03	N/A	./TR-PTAs-UPLC-0105.pklbin45	-1	TC-ISDB-o.mgf	0.622384	N/A	N/A	N/A	26	0
45	./TR-PTAs-UPLC-0105.pklbin	*..*	 	 	416	-1	0	-1	1	0.544048	-1	0	0	0	A3B16-01	N/A	./TR-PTAs-UPLC-0105.pklbin45	-1	TC-ISDB-o.mgf	0.622384	N/A	N/A	N/A	31	0
45	./TR-PTAs-UPLC-0105.pklbin	*..*	 	 	456	-1	0	-1	1	0.536088	-1	0	0	0	A3B24-02	N/A	./TR-PTAs-UPLC-0105.pklbin45	-1	TC-ISDB-o.mgf	0.622384	N/A	N/A	N/A	28	0
45	./TR-PTAs-UPLC-0105.pklbin	*..*	 	 	451	-1	0	-1	1	0.531905	-1	0	0	0	A3B23-02	N/A	./TR-PTAs-UPLC-0105.pklbin45	-1	TC-ISDB-o.mgf	0.622384	N/A	N/A	N/A	29	0
46	./TR-PTAs-UPLC-0105.pklbin	*..*	 	 	65	-1	0	-1	1	0.602682	-1	0	0	0	A1B11-02	N/A	./TR-PTAs-UPLC-0105.pklbin46	-1	TC-ISDB-o.mgf	0.066735	N/A	N/A	N/A	40	0
46	./TR-PTAs-UPLC-0105.pklbin	*..*	 	 	144	-1	0	-1	1	0.540263	-1	0	0	0	A1B27-05	N/A	./TR-PTAs-UPLC-0105.pklbin46	-1	TC-ISDB-o.mgf	0.066735	N/A	N/A	N/A	41	0
46	./TR-PTAs-UPLC-0105.pklbin	*..*	 	 	115	-1	0	-1	1	0.536895	-1	0	0	0	A1B22-01	N/A	./TR-PTAs-UPLC-0105.pklbin46	-1	TC-ISDB-o.mgf	0.066735	N/A	N/A	N/A	39	0
46	./TR-PTAs-UPLC-0105.pklbin	*..*	 	 	91	-1	0	-1	1	0.528318	-1	0	0	0	A1B16-05	N/A	./TR-PTAs-UPLC-0105.pklbin46	-1	TC-ISDB-o.mgf	0.066735	N/A	N/A	N/A	32	0
46	./TR-PTAs-UPLC-0105.pklbin	*..*	 	 	68	-1	0	-1	1	0.527909	-1	0	0	0	A1B12-01	N/A	./TR-PTAs-UPLC-0105.pklbin46	-1	TC-ISDB-o.mgf	0.066735	N/A	N/A	N/A	34	0
47	./TR-PTAs-UPLC-0105.pklbin	*..*	 	 	155	-1	0	-1	1	0.54442	-1	0	0	0	A1B30-01	N/A	./TR-PTAs-UPLC-0105.pklbin47	-1	TC-ISDB-o.mgf	0.194266	N/A	N/A	N/A	40	0
48	./TR-PTAs-UPLC-0105.pklbin	*..*	 	 	119	-1	0	-1	1	0.643079	-1	0	0	0	A1B22-05	N/A	./TR-PTAs-UPLC-0105.pklbin48	-1	TC-ISDB-o.mgf	1.07249	N/A	N/A	N/A	40	0
48	./TR-PTAs-UPLC-0105.pklbin	*..*	 	 	118	-1	0	-1	1	0.641222	-1	0	0	0	A1B22-04	N/A	./TR-PTAs-UPLC-0105.pklbin48	-1	TC-ISDB-o.mgf	1.07249	N/A	N/A	N/A	40	0
48	./TR-PTAs-UPLC-0105.pklbin	*..*	 	 	59	-1	0	-1	1	0.604611	-1	0	0	0	A1B10-01	N/A	./TR-PTAs-UPLC-0105.pklbin48	-1	TC-ISDB-o.mgf	1.07249	N/A	N/A	N/A	42	0
48	./TR-PTAs-UPLC-0105.pklbin	*..*	 	 	95	-1	0	-1	1	0.602149	-1	0	0	0	A1B17-04	N/A	./TR-PTAs-UPLC-0105.pklbin48	-1	TC-ISDB-o.mgf	1.07249	N/A	N/A	N/A	35	0
48	./TR-PTAs-UPLC-0105.pklbin	*..*	 	 	71	-1	0	-1	1	0.599845	-1	0	0	0	A1B12-04	N/A	./TR-PTAs-UPLC-0105.pklbin48	-1	TC-ISDB-o.mgf	1.07249	N/A	N/A	N/A	41	0
50	./TR-PTAs-UPLC-0105.pklbin	*..*	 	 	162	-1	0	-1	1	0.500425	-1	0	0	0	A1B31-03	N/A	./TR-PTAs-UPLC-0105.pklbin50	-1	TC-ISDB-o.mgf	0.322398	N/A	N/A	N/A	36	0
53	./TR-PTAs-UPLC-0105.pklbin	*..*	 	 	304	-1	0	-1	1	0.591108	-1	0	0	0	A2B26-01	N/A	./TR-PTAs-UPLC-0105.pklbin53	-1	TC-ISDB-o.mgf	0.201075	N/A	N/A	N/A	35	0
53	./TR-PTAs-UPLC-0105.pklbin	*..*	 	 	261	-1	0	-1	1	0.570088	-1	0	0	0	A2B17-03	N/A	./TR-PTAs-UPLC-0105.pklbin53	-1	TC-ISDB-o.mgf	0.201075	N/A	N/A	N/A	26	0
53	./TR-PTAs-UPLC-0105.pklbin	*..*	 	 	290	-1	0	-1	1	0.56137	-1	0	0	0	A2B23-02	N/A	./TR-PTAs-UPLC-0105.pklbin53	-1	TC-ISDB-o.mgf	0.201075	N/A	N/A	N/A	35	0
53	./TR-PTAs-UPLC-0105.pklbin	*..*	 	 	222	-1	0	-1	1	0.559761	-1	0	0	0	A2B9-01	N/A	./TR-PTAs-UPLC-0105.pklbin53	-1	TC-ISDB-o.mgf	0.201075	N/A	N/A	N/A	29	0
53	./TR-PTAs-UPLC-0105.pklbin	*..*	 	 	294	-1	0	-1	1	0.558753	-1	0	0	0	A2B24-01	N/A	./TR-PTAs-UPLC-0105.pklbin53	-1	TC-ISDB-o.mgf	0.201075	N/A	N/A	N/A	35	0
771	./TR-PTAs-UPLC-0105.pklbin	*..*	 	 	590	-1	0	-1	1	0.533895	-1	0	0	0	A4B19-01	N/A	./TR-PTAs-UPLC-0105.pklbin771	-1	TC-ISDB-o.mgf	0.41307	N/A	N/A	N/A	19	0
55	./TR-PTAs-UPLC-0105.pklbin	*..*	 	 	155	-1	0	-1	1	0.581132	-1	0	0	0	A1B30-01	N/A	./TR-PTAs-UPLC-0105.pklbin55	-1	TC-ISDB-o.mgf	2.52546	N/A	N/A	N/A	44	0
55	./TR-PTAs-UPLC-0105.pklbin	*..*	 	 	156	-1	0	-1	1	0.518001	-1	0	0	0	A1B30-02	N/A	./TR-PTAs-UPLC-0105.pklbin55	-1	TC-ISDB-o.mgf	2.52546	N/A	N/A	N/A	36	0
772	./TR-PTAs-UPLC-0105.pklbin	*..*	 	 	380	-1	0	-1	1	0.557107	-1	0	0	0	A3B8-03	N/A	./TR-PTAs-UPLC-0105.pklbin772	-1	TC-ISDB-o.mgf	1.10646	N/A	N/A	N/A	22	0
772	./TR-PTAs-UPLC-0105.pklbin	*..*	 	 	465	-1	0	-1	1	0.547791	-1	0	0	0	A3B26-01	N/A	./TR-PTAs-UPLC-0105.pklbin772	-1	TC-ISDB-o.mgf	1.10646	N/A	N/A	N/A	24	0
772	./TR-PTAs-UPLC-0105.pklbin	*..*	 	 	397	-1	0	-1	1	0.529382	-1	0	0	0	A3B12-02	N/A	./TR-PTAs-UPLC-0105.pklbin772	-1	TC-ISDB-o.mgf	1.10646	N/A	N/A	N/A	21	0
772	./TR-PTAs-UPLC-0105.pklbin	*..*	 	 	421	-1	0	-1	1	0.520042	-1	0	0	0	A3B17-01	N/A	./TR-PTAs-UPLC-0105.pklbin772	-1	TC-ISDB-o.mgf	1.10646	N/A	N/A	N/A	15	0
772	./TR-PTAs-UPLC-0105.pklbin	*..*	 	 	456	-1	0	-1	1	0.516546	-1	0	0	0	A3B24-02	N/A	./TR-PTAs-UPLC-0105.pklbin772	-1	TC-ISDB-o.mgf	1.10646	N/A	N/A	N/A	24	0
60	./TR-PTAs-UPLC-0105.pklbin	*..*	 	 	59	-1	0	-1	1	0.519183	-1	0	0	0	A1B10-01	N/A	./TR-PTAs-UPLC-0105.pklbin60	-1	TC-ISDB-o.mgf	0.402183	N/A	N/A	N/A	33	0
