A1B1-01 CC(CC(c1c(OC2(C(CC3CC2C3(C)C)C4)C)c4c(O)c(C=O)c1O)=O)C
A1B1-02 CC(CC(c1c(O)c(CC2CC3CC(C2(O4)C)C3(C)C)c4c(C=O)c1O)=O)C
A1B2-01 CC(CC(c1c(OC2(CCC3(CC23)C(C)C)CC4)c4c(O)c(C=O)c1O)=O)C
A1B2-02 CC(CC(c1c(O)c(CCC2(O3)CCC4(CC24)C(C)C)c3c(C=O)c1O)=O)C
A1B3-01 CC(CC(c1c(OC2(CCC3CC2C3(C)C)CC4)c4c(O)c(C=O)c1O)=O)C
A1B3-02 CC(CC(c1c(O)c(CCC2(O3)CCC4CC2C4(C)C)c3c(C=O)c1O)=O)C
A1B8-01 CC(CC(c1c(O)c(CC23CCC(C2C4C(C4(C)C)CCC3C)C)c(O)c(C=O)c1O)=O)C
A1B8-02 CC1=C2C3C(C3(C)C)CCC(C2(CC1)Cc4c(O)c(C(CC(C)C)=O)c(O)c(C=O)c4O)C
A1B9-02 CC(CC(c1c(OC2(C(CC3C4C(CCC3(C42)C)C(C)C)C5)C)c5c(O)c(C=O)c1O)=O)C
A1B10-01 CC(CC(c1c(OC2(CCC3C2C4C(CCC34C)C(C)C)CC5)c5c(O)c(C=O)c1O)=O)C
A1B11-01 CC(CC(c1c(O)c(CC2(CCC3=C2C4C(C4(C)C)CCC3C)C)c(O)c(C=O)c1O)=O)C
A1B11-02 CC(CC(c1c(O)c(CC2(CCC3C(CCC4C(C4(C)C)C32)C)C)c(O)c(C=O)c1O)=O)C
A1B11-03 CC(CC(c1c(O)c(CC2(CCC3C(CCC4C(C32O5)C4(C)C)C)C)c5c(C=O)c1O)=O)C
A1B12-01 CC(CC(c1c(O)c(CC2(CCCC3(CCC4C(C4(C)C)C32)C)C)c(O)c(C=O)c1O)=O)C
A1B12-03 CC1=C2C3C(C3(C)C)CCC2(CCC1Cc4c(O)c(C(CC(C)C)=O)c(O)c(C=O)c4O)C
A1B12-04 CC(CC(c1c(O)c(CCC2=C3C4C(C4(C)C)CCC3(CCC2)C)c(O)c(C=O)c1O)=O)C
A1B12-05 CC1=C2C(CCC1)(CCC3C(C)(C23Cc4c(O)c(C(CC(C)C)=O)c(O)c(C=O)c4O)C)C
A1B13-04 CC(CC(c1c(O)c(CC2CCC3=CC2(CCC4C3CC4(C)C)C)c(O)c(C=O)c1O)=O)C
A1B14-03 CC(CC(c1c(O)c(CC2CCC(C3(C2CCC4C3C4(C)C)C)C)c(O)c(C=O)c1O)=O)C
A1B16-05 Cc1c(O)c(C(C(C(C)(C2C=C3C(CCCC3(CC2)C)C)C)C(C)C)=O)c(O)c(C=O)c1O
A1B17-01 CC1=CCCC2(Cc3c(OC2C4C(C4(C)C)CC1)c(C=O)c(O)c(C(CC(C)C)=O)c3O)C
A1B17-04 C=C1CCC2C(C2(C)C)C3C1CCC3(Cc4c(O)c(C(CC(C)C)=O)c(O)c(C=O)c4O)C
A1B17-05 CC1(C2CCC3(C)C(Cc4c(O)c(C=O)c(O)c(C(CC(C)C)=O)c4O)CCC(C)=C3C12)C
A1B19-01 C/C(C)=C/C1CCC(C2=C1C(Cc3c(O)c(C(CC(C)C)=O)c(O)c(C=O)c3O)(CC2)C)C
A1B19-02 C/C(C)=C/C1=C2C(C(CC1)C)CCC2(Cc3c(O)c(C(CC(C)C)=O)c(O)c(C=O)c3O)C
A1B20-04 CC(CC(c1c(OC(C2C=C3C(CCC3C(CC2)C)C)(CC4)C)c4c(O)c(C=O)c1O)=O)C
A1B22-01 CC(CC(c1c(O)c(CC2(CCC3C(C3(C)C)C4C(CCC42)C)C)c(O)c(C=O)c1O)=O)C
A1B22-03 CC(CC(c1c(O)c(CC2(CCC3C(C3(C)C)C4C(CCC42O5)C)C)c5c(C=O)c1O)=O)C
A1B22-04 CC(CC(c1c(O)c(CC2(CCC3C(C3(C)C)C4=C2CCC4C)C)c(O)c(C=O)c1O)=O)C
A1B22-05 CC(CC(c1c(O)c(CC2(CCC3C(C3(C)C)C4C2=CCC4C)C)c(O)c(C=O)c1O)=O)C
A1B23-05 CC1=CCC(C2C1CCC3(Oc4c(C(CC(C)C)=O)c(O)c(C=O)c(O)c4CC23)C)C(C)C
A1B25-03 CC(CC(c1c(O)c(CCc2cc(C(CCC3C)C(C)C)c3cc2)c(O)c(C=O)c1O)=O)C
A1B25-04 Cc1cc(C(CCC2(Cc3c(O)c(C(CC(C)C)=O)c(O)c(C=O)c3O)C)C(C)C)c2cc1
A1B25-05 Cc1cc(C(CCC2C)C(C)C)c2c(Cc3c(O)c(C(CC(C)C)=O)c(O)c(C=O)c3O)c1
A1B26-01 CC1=C2CCC3(Cc4c(OC3C2C(CC1)C(C)C)c(C=O)c(O)c(C(CC(C)C)=O)c4O)C
A1B27-05 Cc1c(OC2(CCC34C(CCC(C3C24)C(C)C)C)C)c(C(CC(C)C)=O)c(O)c(C=O)c1O
A1B30-01 CC(CC(c1c(OC2(CCC3C(C3(C)C)C4C2CCC4(O)C)CC5)c5c(O)c(C=O)c1O)=O)C
A1B30-02 CC(CC(c1c(O)c(CCC2(O3)CCC4C(C4(C)C)C5C2CCC5(O)C)c3c(C=O)c1O)=O)C
A1B30-03 Cc1c(OC2(CCC3C(C3(C)C)C4C2CCC4(O)C)C)c(C(CC(C)C)=O)c(O)c(C=O)c1O
A1B31-03 CC(CC(c1c(O)c(CC2(CCC3C2C4C(C4(C)C)CCC3(O)C)C)c(O)c(C=O)c1O)=O)C
A2B1-01 CC(CC(C1=C(C2=C(C(C)(C1=O)C)OC3(C(CC4CC3C4(C)C)C2)C)O)=O)C
A2B2-01 CC(CC(C1=C(C2=C(C(C)(C1=O)C)OC3(CCC4(CC34)C(C)C)CC2)O)=O)C
A2B2-04 CC(CC(C1=C2OC3(CCC4(CC34)C(C)C)CCC2=C(C(C)(C1=O)C)O)=O)C
A2B3-01 CC(CC(C1=C(C2=C(C(C)(C1=O)C)OC3(CCC4CC3C4(C)C)CC2)O)=O)C
A2B3-05 CC(CC(C1=C2OC3(CCC4CC3C4(C)C)CCC2=C(C(C)(C1=O)C)O)=O)C
A2B8-04 CC(CC(C1=C(C2=C(C(C)(C1=O)C)OC34CCC(C3(C5C(C5(C)C)CCC4C)C2)C)O)=O)C
A2B9-01 CC(CC(C1=C(C2=C(C(C)(C1=O)C)OC3(C(CC4C5C(CCC4(C53)C)C(C)C)C2)C)O)=O)C
A2B12-03 CC(CC(C1=C(C(CC2=C3C4C(C4(C)C)CCC3(CCC2)C)=C(C(C)(C1=O)C)O)O)=O)C
A2B14-03 CC(CC(C1=C(C2=C(C(C)(C1=O)C)OC3(C2)CCC(C4(C3CCC5C4C5(C)C)C)C)O)=O)C
A2B14-05 CC(CC(C1=C(C(CC2CCC(C3(C2=CCC4C3C4(C)C)C)C)=C(C(C)(C1=O)C)O)O)=O)C
A2B15-01 CC(CC(C1=C(C2=C(C(C)(C1=O)C)OC3(CCC4C(C4(C)C)C5C(CCC53)C)CC2)O)=O)C
A2B16-02 C=C(C1CCC2(CCCC(C2=C1CC3=C(C(C)(C(C(C(CC(C)C)=O)=C3O)=O)C)O)C)C)C
A2B17-03 CC1=CCCC2(OC3=C(C(O)=C(C(C3(C)C)=O)C(CC(C)C)=O)CC2C4C(C4(C)C)CC1)C
A2B17-05 CC(CC(C1=C(C2=C(C(C)(C1=O)C)OC3(CCC4C(C4(C)C)C5C(CCC53C2)C)C)O)=O)C
A2B23-02 CC1=CCC(C2C1CCC3(OC4=C(C(O)=C(C(C4(C)C)=O)C(CC(C)C)=O)CC23)C)C(C)C
A2B24-01 C=C1CCC(C2C1CCC3(OC4=C(C(O)=C(C(C4(C)C)=O)C(CC(C)C)=O)CC23)C)C(C)C
A2B25-01 CC(CC(C1=C(C(CCc2cc(C(CCC3C)C(C)C)c3cc2)=C(C(C)(C1=O)C)O)O)=O)C
A2B26-01 CC1=C2CCC3(OC4=C(C(O)=C(C(C4(C)C)=O)C(CC(C)C)=O)CC3C2C(CC1)C(C)C)C
A2B30-01 CC(CC(C1=C(C2=C(C(C)(C1=O)C)OC3(CCC4C(C4(C)C)C5C3CCC5(O)C)CC2)O)=O)C
A2B30-02 CC(CC(C1=C(C(CC=C2CCC3C(C3(C)C)C4C2CCC4(O)C)=C(C(C)(C1=O)C)O)O)=O)C
A3B2-01 CC(C(C1=C(C2=C(C(C)(C1=O)C)OC3(CCC4(CC34)C(C)C)CC2)O)=O)C
A3B2-02/03 CC(C(C1=C(C2=C(C(C)(C1=O)C)OC34CCC5(C(CC4C2)C)CC53)O)=O)C
A3B3-01 CC(C(C1=C(C2=C(C(C)(C1=O)C)OC3(CCC4CC3C4(C)C)CC2)O)=O)C
A3B3-05 CC(C(C1=C(C2=C(C(C)(C1=O)C)OC(C2)C3CCC4CC3C4(C)C)O)=O)C
A3B5-01 C/C(C)=C\CC=C(CCCC1=C(C(C)(C(C(C(C(C)C)=O)=C1O)=O)C)O)C
A3B8-03 CC1=C(C(C)(C(C(C(C(C)C)=O)=C1O)=O)C)OC23CCC(C4=C(C2C3(C)C)C(CC4)C)C
A3B8-04 CC(C(C1=C(C2=C(C(C)(C1=O)C)OC34CCC(C3(C5C(C5(C)C)CCC4C)C2)C)O)=O)C
A3B10-05 CC(C(C1=C(C2=C(C(C)(C1=O)C)OC(C2)=C3CCC4C3C5C(CCC45C)C(C)C)O)=O)C
A3B11-02 CC(C(C1=C(C(CC2(CCC3C(CCC4C(C4(C)C)C32)C)C)=C(C(C)(C1=O)C)O)O)=O)C
A3B12-02 CC1=C(C(C)(C(C(C(C(C)C)=O)=C1O)=O)C)OCC2=C3C4C(C4(C)C)CCC3(CCC2)C
A3B15-03 CC(C(C1=C(C(CCC2CCC3C(C3(C)C)C4C(CCC24)C)=C(C(C)(C1=O)C)O)O)=O)C
A3B15-05 CC(C(C1=C(C2=C(C(C)(C1=O)C)OC(C2)=C3CCC4C(C4(C)C)C5C(CCC35)C)O)=O)C
A3B16-01 C=C(C1CCC2(CCCC(C2=C1CC3=C(C(C)(C(C(C(C(C)C)=O)=C3O)=O)C)O)C)C)C
A3B16-05 C=C(C1CCC2(CCCC(C2=C1OC3=C(C(O)=C(C(C3(C)C)=O)C(C(C)C)=O)C)C)C)C
A3B17-01 CC1=CC2C(C2(C)C)CCC3(OC4=C(C(O)=C(C(C4(C)C)=O)C(C(C)C)=O)CC3CC1)C
A3B17-05 CC(C(C1=C(C2=C(C(C)(C1=O)C)OC3(CCC4C(C4(C)C)C5C(CCC53C2)C)C)O)=O)C
A3B23-02 CC1=CCC(C2C1CCC3(OC4=C(C(O)=C(C(C4(C)C)=O)C(C(C)C)=O)CC23)C)C(C)C
A3B24-02 C=C1CCC(C2C1CCC3(CC4=C(C(C)(C(C(C(C(C)C)=O)=C4O)=O)C)OC23)C)C(C)C
A3B26-01 CC1=C2CCC3(OC4=C(C(O)=C(C(C4(C)C)=O)C(C(C)C)=O)CC3C2C(CC1)C(C)C)C
A3B28-02 CC1C=CC(C)(CCCC2(OC3=C(C(O)=C(C(C3(C)C)=O)C(C(C)C)=O)CC2C(C1)O)C)C
A3B28-05 CC1C=CC(C)(CCCC2(CC3=C(C(C)(C(C(C(C(C)C)=O)=C3O)=O)C)OC2C(C1)O)C)C
A4B1-01 CC(C(c1c(OC2(C(CC3CC2C3(C)C)C4)C)c4c(O)c(C=O)c1O)=O)C
A4B1-02 CC(C(c1c(O)c(CC2CC3CC(C2(O4)C)C3(C)C)c4c(C=O)c1O)=O)C
A4B2-02 CC(C(c1c(O)c(CCC2(O3)CCC4(CC24)C(C)C)c3c(C=O)c1O)=O)C
A4B9-02 CC(C(c1c(OC2(C(CC3C4C(CCC3(C42)C)C(C)C)C5)C)c5c(O)c(C=O)c1O)=O)C
A4B11-02 CC(C(c1c(O)c(CC2(CCC3=C2C4C(C4(C)C)CCC3C)C)c(O)c(C=O)c1O)=O)C
A4B12-02 CC1=C2C3C(C3(C)C)CCC2(CCC1Cc4c(O)c(C(C(C)C)=O)c(O)c(C=O)c4O)C
A4B12-03 CC1=C2C(CCC1)(CCC3C(C)(C23Cc4c(O)c(C(C(C)C)=O)c(O)c(C=O)c4O)C)C
A4B15-01 CC(C(c1c(OC2(CCC3C(C3(C)C)C4C(CCC42)C)CC5)c5c(O)c(C=O)c1O)=O)C
A4B17-01 CC1=CC2C(C2(C)C)CCC3(Oc4c(C(C(C)C)=O)c(O)c(C=O)c(O)c4CC3CC1)C
A4B17-03 CC1=CCCC2(Cc3c(OC2C4C(C4(C)C)CC1)c(C=O)c(O)c(C(C(C)C)=O)c3O)C
A4B17-04 CC1=CCCC2(Oc3c(CC2C4C(C4(C)C)CC1)c(O)c(C(C(C)C)=O)c(O)c3C=O)C
A4B17-05 CC1=CCCC2(Oc3c(C(C(C)C)=O)c(O)c(C=O)c(O)c3CC2C4C(C4(C)C)CC1)C
A4B19-01 C/C(C)=C/C1CCC(C2CCC(Cc3c(O)c(C(C(C)C)=O)c(O)c(C=O)c3O)(C12)C)C
A4B19-02 C/C(C)=C/C1=C2C(C(CC1)C)CCC2(Cc3c(O)c(C(C(C)C)=O)c(O)c(C=O)c3O)C
A4B19-04 C/C(C)=C/C1CCC(C2=C1C(Cc3c(O)c(C(C(C)C)=O)c(O)c(C=O)c3O)(CC2)C)C
A4B20-01 C=C(C1CCC(C2CCC(C2C1Cc3c(O)c(C(C(C)C)=O)c(O)c(C=O)c3O)C)C)C
A4B24-02 CC1=CC2C(CCC3(C2CC1)CCc4c(O3)c(C(C(C)C)=O)c(O)c(C=O)c4O)C(C)C
A4B24-05 CC1=CC2C(CCC3(C2CC1)CCc4c(O3)c(C=O)c(O)c(C(C(C)C)=O)c4O)C(C)C
A4B25-04 Cc1cc(C(CCC2(Cc3c(O)c(C(C(C)C)=O)c(O)c(C=O)c3O)C)C(C)C)c2cc1
A4B25-05 Cc1cc(C(CCC2C)C(C)C)c2c(Cc3c(O)c(C(C(C)C)=O)c(O)c(C=O)c3O)c1
A4B27-05 Cc1c(OC2(CCC34C(CCC(C3C24)C(C)C)C)C)c(C(C(C)C)=O)c(O)c(C=O)c1O
A4B30-01 CC(C(c1c(OC2(CCC3C(C3(C)C)C4C2CCC4(O)C)CC5)c5c(O)c(C=O)c1O)=O)C
A4B30-02 CC(C(c1c(O)c(CCC2(O3)CCC4C(C4(C)C)C5C2CCC5(O)C)c3c(C=O)c1O)=O)C